2022-07-13 16:34:16,040 INFO com.ibm.academia.restapi.items.RestItemsTApplication [restartedMain] Starting RestItemsTApplication using Java 17.0.3 on IBM-PF3AKMFS with PID 22140 (C:\Users\108481781\Downloads\Spring\RESTItemsT\target\classes started by 108481781 in C:\Users\108481781\Downloads\Spring\RESTItemsT)
2022-07-13 16:34:16,044 INFO com.ibm.academia.restapi.items.RestItemsTApplication [restartedMain] No active profile set, falling back to 1 default profile: "default"
2022-07-13 16:34:16,088 INFO org.springframework.boot.devtools.env.DevToolsPropertyDefaultsPostProcessor [restartedMain] Devtools property defaults active! Set 'spring.devtools.add-properties' to 'false' to disable
2022-07-13 16:34:16,094 INFO org.springframework.boot.devtools.env.DevToolsPropertyDefaultsPostProcessor [restartedMain] For additional web related logging consider setting the 'logging.level.web' property to 'DEBUG'
2022-07-13 16:34:16,921 INFO org.springframework.boot.web.embedded.tomcat.TomcatWebServer [restartedMain] Tomcat initialized with port(s): 8002 (http)
2022-07-13 16:34:16,931 INFO org.apache.coyote.http11.Http11NioProtocol [restartedMain] Initializing ProtocolHandler ["http-nio-8002"]
2022-07-13 16:34:16,931 INFO org.apache.catalina.core.StandardService [restartedMain] Starting service [Tomcat]
2022-07-13 16:34:16,931 INFO org.apache.catalina.core.StandardEngine [restartedMain] Starting Servlet engine: [Apache Tomcat/9.0.64]
2022-07-13 16:34:16,990 INFO org.apache.catalina.core.ContainerBase.[Tomcat].[localhost].[/api/v1/rest-items] [restartedMain] Initializing Spring embedded WebApplicationContext
2022-07-13 16:34:16,990 INFO org.springframework.boot.web.servlet.context.ServletWebServerApplicationContext [restartedMain] Root WebApplicationContext: initialization completed in 894 ms
2022-07-13 16:34:17,291 INFO org.springframework.boot.devtools.autoconfigure.OptionalLiveReloadServer [restartedMain] LiveReload server is running on port 35729
2022-07-13 16:34:17,304 INFO org.apache.coyote.http11.Http11NioProtocol [restartedMain] Starting ProtocolHandler ["http-nio-8002"]
2022-07-13 16:34:17,325 INFO org.springframework.boot.web.embedded.tomcat.TomcatWebServer [restartedMain] Tomcat started on port(s): 8002 (http) with context path '/api/v1/rest-items'
2022-07-13 16:34:17,334 INFO com.ibm.academia.restapi.items.RestItemsTApplication [restartedMain] Started RestItemsTApplication in 1.62 seconds (JVM running for 2.658)
2022-07-13 16:37:09,655 INFO com.ibm.academia.restapi.items.RestItemsTApplication [restartedMain] Starting RestItemsTApplication using Java 17.0.3 on IBM-PF3AKMFS with PID 22140 (C:\Users\108481781\Downloads\Spring\RESTItemsT\target\classes started by 108481781 in C:\Users\108481781\Downloads\Spring\RESTItemsT)
2022-07-13 16:37:09,655 INFO com.ibm.academia.restapi.items.RestItemsTApplication [restartedMain] No active profile set, falling back to 1 default profile: "default"
2022-07-13 16:37:09,824 INFO org.springframework.boot.web.embedded.tomcat.TomcatWebServer [restartedMain] Tomcat initialized with port(s): 8002 (http)
2022-07-13 16:37:09,824 INFO org.apache.coyote.http11.Http11NioProtocol [restartedMain] Initializing ProtocolHandler ["http-nio-8002"]
2022-07-13 16:37:09,825 INFO org.apache.catalina.core.StandardService [restartedMain] Starting service [Tomcat]
2022-07-13 16:37:09,825 INFO org.apache.catalina.core.StandardEngine [restartedMain] Starting Servlet engine: [Apache Tomcat/9.0.64]
2022-07-13 16:37:09,838 INFO org.apache.catalina.core.ContainerBase.[Tomcat].[localhost].[/api/v1/rest-items] [restartedMain] Initializing Spring embedded WebApplicationContext
2022-07-13 16:37:09,838 INFO org.springframework.boot.web.servlet.context.ServletWebServerApplicationContext [restartedMain] Root WebApplicationContext: initialization completed in 181 ms
2022-07-13 16:37:09,903 INFO org.springframework.boot.devtools.autoconfigure.OptionalLiveReloadServer [restartedMain] LiveReload server is running on port 35729
2022-07-13 16:37:09,908 INFO org.apache.coyote.http11.Http11NioProtocol [restartedMain] Starting ProtocolHandler ["http-nio-8002"]
2022-07-13 16:37:09,913 INFO org.springframework.boot.web.embedded.tomcat.TomcatWebServer [restartedMain] Tomcat started on port(s): 8002 (http) with context path '/api/v1/rest-items'
2022-07-13 16:37:09,920 INFO com.ibm.academia.restapi.items.RestItemsTApplication [restartedMain] Started RestItemsTApplication in 0.299 seconds (JVM running for 175.243)
2022-07-13 16:37:09,922 INFO org.springframework.boot.devtools.autoconfigure.ConditionEvaluationDeltaLoggingListener [restartedMain] Condition evaluation unchanged
2022-07-13 16:43:24,709 INFO com.ibm.academia.restapi.items.RestItemsTApplication [restartedMain] Starting RestItemsTApplication using Java 17.0.3 on IBM-PF3AKMFS with PID 22140 (C:\Users\108481781\Downloads\Spring\RESTItemsT\target\classes started by 108481781 in C:\Users\108481781\Downloads\Spring\RESTItemsT)
2022-07-13 16:43:24,709 INFO com.ibm.academia.restapi.items.RestItemsTApplication [restartedMain] No active profile set, falling back to 1 default profile: "default"
2022-07-13 16:43:24,870 INFO org.springframework.boot.web.embedded.tomcat.TomcatWebServer [restartedMain] Tomcat initialized with port(s): 8002 (http)
2022-07-13 16:43:24,870 INFO org.apache.coyote.http11.Http11NioProtocol [restartedMain] Initializing ProtocolHandler ["http-nio-8002"]
2022-07-13 16:43:24,871 INFO org.apache.catalina.core.StandardService [restartedMain] Starting service [Tomcat]
2022-07-13 16:43:24,871 INFO org.apache.catalina.core.StandardEngine [restartedMain] Starting Servlet engine: [Apache Tomcat/9.0.64]
2022-07-13 16:43:24,883 INFO org.apache.catalina.core.ContainerBase.[Tomcat].[localhost].[/api/v1/rest-items] [restartedMain] Initializing Spring embedded WebApplicationContext
2022-07-13 16:43:24,884 INFO org.springframework.boot.web.servlet.context.ServletWebServerApplicationContext [restartedMain] Root WebApplicationContext: initialization completed in 173 ms
2022-07-13 16:43:24,952 INFO org.springframework.boot.devtools.autoconfigure.OptionalLiveReloadServer [restartedMain] LiveReload server is running on port 35729
2022-07-13 16:43:24,956 INFO org.apache.coyote.http11.Http11NioProtocol [restartedMain] Starting ProtocolHandler ["http-nio-8002"]
2022-07-13 16:43:24,961 INFO org.springframework.boot.web.embedded.tomcat.TomcatWebServer [restartedMain] Tomcat started on port(s): 8002 (http) with context path '/api/v1/rest-items'
2022-07-13 16:43:24,966 INFO com.ibm.academia.restapi.items.RestItemsTApplication [restartedMain] Started RestItemsTApplication in 0.296 seconds (JVM running for 550.289)
2022-07-13 16:43:24,968 INFO org.springframework.boot.devtools.autoconfigure.ConditionEvaluationDeltaLoggingListener [restartedMain] Condition evaluation unchanged
2022-07-13 16:43:26,470 INFO com.ibm.academia.restapi.items.RestItemsTApplication [restartedMain] Starting RestItemsTApplication using Java 17.0.3 on IBM-PF3AKMFS with PID 22140 (C:\Users\108481781\Downloads\Spring\RESTItemsT\target\classes started by 108481781 in C:\Users\108481781\Downloads\Spring\RESTItemsT)
2022-07-13 16:43:26,470 INFO com.ibm.academia.restapi.items.RestItemsTApplication [restartedMain] No active profile set, falling back to 1 default profile: "default"
2022-07-13 16:43:26,749 INFO org.springframework.boot.web.embedded.tomcat.TomcatWebServer [restartedMain] Tomcat initialized with port(s): 8002 (http)
2022-07-13 16:43:26,750 INFO org.apache.coyote.http11.Http11NioProtocol [restartedMain] Initializing ProtocolHandler ["http-nio-8002"]
2022-07-13 16:43:26,750 INFO org.apache.catalina.core.StandardService [restartedMain] Starting service [Tomcat]
2022-07-13 16:43:26,750 INFO org.apache.catalina.core.StandardEngine [restartedMain] Starting Servlet engine: [Apache Tomcat/9.0.64]
2022-07-13 16:43:26,760 INFO org.apache.catalina.core.ContainerBase.[Tomcat].[localhost].[/api/v1/rest-items] [restartedMain] Initializing Spring embedded WebApplicationContext
2022-07-13 16:43:26,761 INFO org.springframework.boot.web.servlet.context.ServletWebServerApplicationContext [restartedMain] Root WebApplicationContext: initialization completed in 288 ms
2022-07-13 16:43:26,820 INFO org.springframework.boot.devtools.autoconfigure.OptionalLiveReloadServer [restartedMain] LiveReload server is running on port 35729
2022-07-13 16:43:26,825 INFO org.apache.coyote.http11.Http11NioProtocol [restartedMain] Starting ProtocolHandler ["http-nio-8002"]
2022-07-13 16:43:26,830 INFO org.springframework.boot.web.embedded.tomcat.TomcatWebServer [restartedMain] Tomcat started on port(s): 8002 (http) with context path '/api/v1/rest-items'
2022-07-13 16:43:26,835 INFO com.ibm.academia.restapi.items.RestItemsTApplication [restartedMain] Started RestItemsTApplication in 0.398 seconds (JVM running for 552.158)
2022-07-13 16:43:26,836 INFO org.springframework.boot.devtools.autoconfigure.ConditionEvaluationDeltaLoggingListener [restartedMain] Condition evaluation unchanged
2022-07-13 16:44:40,625 INFO com.ibm.academia.restapi.items.RestItemsTApplication [restartedMain] Starting RestItemsTApplication using Java 17.0.3 on IBM-PF3AKMFS with PID 22140 (C:\Users\108481781\Downloads\Spring\RESTItemsT\target\classes started by 108481781 in C:\Users\108481781\Downloads\Spring\RESTItemsT)
2022-07-13 16:44:40,625 INFO com.ibm.academia.restapi.items.RestItemsTApplication [restartedMain] No active profile set, falling back to 1 default profile: "default"
2022-07-13 16:44:40,743 INFO org.springframework.boot.web.embedded.tomcat.TomcatWebServer [restartedMain] Tomcat initialized with port(s): 8002 (http)
2022-07-13 16:44:40,744 INFO org.apache.coyote.http11.Http11NioProtocol [restartedMain] Initializing ProtocolHandler ["http-nio-8002"]
2022-07-13 16:44:40,744 INFO org.apache.catalina.core.StandardService [restartedMain] Starting service [Tomcat]
2022-07-13 16:44:40,744 INFO org.apache.catalina.core.StandardEngine [restartedMain] Starting Servlet engine: [Apache Tomcat/9.0.64]
2022-07-13 16:44:40,753 INFO org.apache.catalina.core.ContainerBase.[Tomcat].[localhost].[/api/v1/rest-items] [restartedMain] Initializing Spring embedded WebApplicationContext
2022-07-13 16:44:40,754 INFO org.springframework.boot.web.servlet.context.ServletWebServerApplicationContext [restartedMain] Root WebApplicationContext: initialization completed in 127 ms
2022-07-13 16:44:40,788 INFO org.springframework.boot.devtools.autoconfigure.OptionalLiveReloadServer [restartedMain] LiveReload server is running on port 35729
2022-07-13 16:44:40,792 INFO org.apache.coyote.http11.Http11NioProtocol [restartedMain] Starting ProtocolHandler ["http-nio-8002"]
2022-07-13 16:44:40,797 INFO org.springframework.boot.web.embedded.tomcat.TomcatWebServer [restartedMain] Tomcat started on port(s): 8002 (http) with context path '/api/v1/rest-items'
2022-07-13 16:44:40,800 INFO com.ibm.academia.restapi.items.RestItemsTApplication [restartedMain] Started RestItemsTApplication in 0.198 seconds (JVM running for 626.124)
2022-07-13 16:44:40,803 INFO org.springframework.boot.devtools.autoconfigure.ConditionEvaluationDeltaLoggingListener [restartedMain] Condition evaluation unchanged
2022-07-13 16:44:44,930 INFO org.springframework.boot.admin.SpringApplicationAdminMXBeanRegistrar$SpringApplicationAdmin [RMI TCP Connection(28)-127.0.0.1] Application shutdown requested.
2022-07-13 18:33:08,657 INFO com.ibm.academia.restapi.articulos.RestItemsTApplication [restartedMain] Starting RestItemsTApplication using Java 17.0.3 on IBM-PF3AKMFS with PID 14132 (C:\Users\108481781\Downloads\Spring\RESTArticulosT\target\classes started by 108481781 in C:\Users\108481781\Downloads\Spring\RESTArticulosT)
2022-07-13 18:33:08,664 INFO com.ibm.academia.restapi.articulos.RestItemsTApplication [restartedMain] No active profile set, falling back to 1 default profile: "default"
2022-07-13 18:33:08,721 INFO org.springframework.boot.devtools.env.DevToolsPropertyDefaultsPostProcessor [restartedMain] Devtools property defaults active! Set 'spring.devtools.add-properties' to 'false' to disable
2022-07-13 18:33:08,721 INFO org.springframework.boot.devtools.env.DevToolsPropertyDefaultsPostProcessor [restartedMain] For additional web related logging consider setting the 'logging.level.web' property to 'DEBUG'
2022-07-13 18:33:10,076 INFO org.springframework.boot.web.embedded.tomcat.TomcatWebServer [restartedMain] Tomcat initialized with port(s): 8002 (http)
2022-07-13 18:33:10,103 INFO org.apache.coyote.http11.Http11NioProtocol [restartedMain] Initializing ProtocolHandler ["http-nio-8002"]
2022-07-13 18:33:10,104 INFO org.apache.catalina.core.StandardService [restartedMain] Starting service [Tomcat]
2022-07-13 18:33:10,104 INFO org.apache.catalina.core.StandardEngine [restartedMain] Starting Servlet engine: [Apache Tomcat/9.0.64]
2022-07-13 18:33:10,191 INFO org.apache.catalina.core.ContainerBase.[Tomcat].[localhost].[/api/v1/rest-items] [restartedMain] Initializing Spring embedded WebApplicationContext
2022-07-13 18:33:10,192 INFO org.springframework.boot.web.servlet.context.ServletWebServerApplicationContext [restartedMain] Root WebApplicationContext: initialization completed in 1470 ms
2022-07-13 18:33:10,634 WARN org.springframework.boot.devtools.autoconfigure.OptionalLiveReloadServer [restartedMain] Unable to start LiveReload server
2022-07-13 18:33:10,658 INFO org.apache.coyote.http11.Http11NioProtocol [restartedMain] Starting ProtocolHandler ["http-nio-8002"]
2022-07-13 18:33:10,705 INFO org.springframework.boot.web.embedded.tomcat.TomcatWebServer [restartedMain] Tomcat started on port(s): 8002 (http) with context path '/api/v1/rest-items'
2022-07-13 18:33:10,723 INFO com.ibm.academia.restapi.articulos.RestItemsTApplication [restartedMain] Started RestItemsTApplication in 2.518 seconds (JVM running for 3.737)
2022-07-13 18:35:46,164 INFO com.ibm.academia.restapi.articulos.RestItemsTApplication [restartedMain] Starting RestItemsTApplication using Java 17.0.3 on IBM-PF3AKMFS with PID 14132 (C:\Users\108481781\Downloads\Spring\RESTArticulosT\target\classes started by 108481781 in C:\Users\108481781\Downloads\Spring\RESTArticulosT)
2022-07-13 18:35:46,165 INFO com.ibm.academia.restapi.articulos.RestItemsTApplication [restartedMain] No active profile set, falling back to 1 default profile: "default"
2022-07-13 18:35:46,439 INFO org.springframework.boot.web.embedded.tomcat.TomcatWebServer [restartedMain] Tomcat initialized with port(s): 8002 (http)
2022-07-13 18:35:46,439 INFO org.apache.coyote.http11.Http11NioProtocol [restartedMain] Initializing ProtocolHandler ["http-nio-8002"]
2022-07-13 18:35:46,440 INFO org.apache.catalina.core.StandardService [restartedMain] Starting service [Tomcat]
2022-07-13 18:35:46,440 INFO org.apache.catalina.core.StandardEngine [restartedMain] Starting Servlet engine: [Apache Tomcat/9.0.64]
2022-07-13 18:35:46,455 INFO org.apache.catalina.core.ContainerBase.[Tomcat].[localhost].[/api/v1/rest-articulos] [restartedMain] Initializing Spring embedded WebApplicationContext
2022-07-13 18:35:46,455 INFO org.springframework.boot.web.servlet.context.ServletWebServerApplicationContext [restartedMain] Root WebApplicationContext: initialization completed in 284 ms
2022-07-13 18:35:46,555 WARN org.springframework.boot.devtools.autoconfigure.OptionalLiveReloadServer [restartedMain] Unable to start LiveReload server
2022-07-13 18:35:46,561 INFO org.apache.coyote.http11.Http11NioProtocol [restartedMain] Starting ProtocolHandler ["http-nio-8002"]
2022-07-13 18:35:46,568 INFO org.springframework.boot.web.embedded.tomcat.TomcatWebServer [restartedMain] Tomcat started on port(s): 8002 (http) with context path '/api/v1/rest-articulos'
2022-07-13 18:35:46,573 INFO com.ibm.academia.restapi.articulos.RestItemsTApplication [restartedMain] Started RestItemsTApplication in 0.451 seconds (JVM running for 159.586)
2022-07-13 18:35:46,575 INFO org.springframework.boot.devtools.autoconfigure.ConditionEvaluationDeltaLoggingListener [restartedMain] Condition evaluation unchanged
2022-07-13 18:36:42,249 INFO org.apache.catalina.core.ContainerBase.[Tomcat].[localhost].[/api/v1/rest-articulos] [http-nio-8002-exec-1] Initializing Spring DispatcherServlet 'dispatcherServlet'
2022-07-13 18:36:42,249 INFO org.springframework.web.servlet.DispatcherServlet [http-nio-8002-exec-1] Initializing Servlet 'dispatcherServlet'
2022-07-13 18:36:42,250 INFO org.springframework.web.servlet.DispatcherServlet [http-nio-8002-exec-1] Completed initialization in 1 ms
2022-07-13 18:45:34,599 INFO com.ibm.academia.restapi.articulos.RestItemsTApplication [restartedMain] Starting RestItemsTApplication using Java 17.0.3 on IBM-PF3AKMFS with PID 14132 (C:\Users\108481781\Downloads\Spring\RESTArticulosT\target\classes started by 108481781 in C:\Users\108481781\Downloads\Spring\RESTArticulosT)
2022-07-13 18:45:34,599 INFO com.ibm.academia.restapi.articulos.RestItemsTApplication [restartedMain] No active profile set, falling back to 1 default profile: "default"
2022-07-13 18:45:34,879 INFO org.springframework.boot.web.embedded.tomcat.TomcatWebServer [restartedMain] Tomcat initialized with port(s): 8002 (http)
2022-07-13 18:45:34,880 INFO org.apache.coyote.http11.Http11NioProtocol [restartedMain] Initializing ProtocolHandler ["http-nio-8002"]
2022-07-13 18:45:34,880 INFO org.apache.catalina.core.StandardService [restartedMain] Starting service [Tomcat]
2022-07-13 18:45:34,880 INFO org.apache.catalina.core.StandardEngine [restartedMain] Starting Servlet engine: [Apache Tomcat/9.0.64]
2022-07-13 18:45:34,899 INFO org.apache.catalina.core.ContainerBase.[Tomcat].[localhost].[/api/v1/rest-articulos] [restartedMain] Initializing Spring embedded WebApplicationContext
2022-07-13 18:45:34,899 INFO org.springframework.boot.web.servlet.context.ServletWebServerApplicationContext [restartedMain] Root WebApplicationContext: initialization completed in 295 ms
2022-07-13 18:45:35,000 WARN org.springframework.boot.devtools.autoconfigure.OptionalLiveReloadServer [restartedMain] Unable to start LiveReload server
2022-07-13 18:45:35,007 INFO org.apache.coyote.http11.Http11NioProtocol [restartedMain] Starting ProtocolHandler ["http-nio-8002"]
2022-07-13 18:45:35,014 INFO org.springframework.boot.web.embedded.tomcat.TomcatWebServer [restartedMain] Tomcat started on port(s): 8002 (http) with context path '/api/v1/rest-articulos'
2022-07-13 18:45:35,018 INFO com.ibm.academia.restapi.articulos.RestItemsTApplication [restartedMain] Started RestItemsTApplication in 0.46 seconds (JVM running for 748.032)
2022-07-13 18:45:35,021 INFO org.springframework.boot.devtools.autoconfigure.ConditionEvaluationDeltaLoggingListener [restartedMain] Condition evaluation unchanged
2022-07-13 18:45:37,196 INFO org.apache.catalina.core.ContainerBase.[Tomcat].[localhost].[/api/v1/rest-articulos] [http-nio-8002-exec-2] Initializing Spring DispatcherServlet 'dispatcherServlet'
2022-07-13 18:45:37,197 INFO org.springframework.web.servlet.DispatcherServlet [http-nio-8002-exec-2] Initializing Servlet 'dispatcherServlet'
2022-07-13 18:45:37,197 INFO org.springframework.web.servlet.DispatcherServlet [http-nio-8002-exec-2] Completed initialization in 0 ms
2022-07-13 18:45:42,410 ERROR org.apache.catalina.core.ContainerBase.[Tomcat].[localhost].[/api/v1/rest-articulos].[dispatcherServlet] [http-nio-8002-exec-4] Servlet.service() for servlet [dispatcherServlet] in context with path [/api/v1/rest-articulos] threw exception [Request processing failed; nested exception is org.springframework.web.client.HttpClientErrorException$NotFound: 404 : "<!doctype html><html lang="en"><head><title>HTTP Status 404 – Not Found</title><style type="text/css">body {font-family:Tahoma,Arial,sans-serif;} h1, h2, h3, b {color:white;background-color:#525D76;} h1 {font-size:22px;} h2 {font-size:16px;} h3 {font-size:14px;} p {font-size:12px;} a {color:black;} .line {height:1px;background-color:#525D76;border:none;}</style></head><body><h1>HTTP Status 404 – Not Found</h1><hr class="line" /><p><b>Type</b> Status Report</p><p><b>Description</b> The origin server did not find a current representation for the target resource or is not willing to disclose that one exists.</p><hr class="line" /><h3>Apache Tomcat/9.0.64</h3></body></html>"] with root cause
org.springframework.web.client.HttpClientErrorException$NotFound: 404 : "<!doctype html><html lang="en"><head><title>HTTP Status 404 – Not Found</title><style type="text/css">body {font-family:Tahoma,Arial,sans-serif;} h1, h2, h3, b {color:white;background-color:#525D76;} h1 {font-size:22px;} h2 {font-size:16px;} h3 {font-size:14px;} p {font-size:12px;} a {color:black;} .line {height:1px;background-color:#525D76;border:none;}</style></head><body><h1>HTTP Status 404 – Not Found</h1><hr class="line" /><p><b>Type</b> Status Report</p><p><b>Description</b> The origin server did not find a current representation for the target resource or is not willing to disclose that one exists.</p><hr class="line" /><h3>Apache Tomcat/9.0.64</h3></body></html>"
	at org.springframework.web.client.HttpClientErrorException.create(HttpClientErrorException.java:113)
	at org.springframework.web.client.DefaultResponseErrorHandler.handleError(DefaultResponseErrorHandler.java:168)
	at org.springframework.web.client.DefaultResponseErrorHandler.handleError(DefaultResponseErrorHandler.java:122)
	at org.springframework.web.client.ResponseErrorHandler.handleError(ResponseErrorHandler.java:63)
	at org.springframework.web.client.RestTemplate.handleResponse(RestTemplate.java:819)
	at org.springframework.web.client.RestTemplate.doExecute(RestTemplate.java:777)
	at org.springframework.web.client.RestTemplate.execute(RestTemplate.java:711)
	at org.springframework.web.client.RestTemplate.getForObject(RestTemplate.java:334)
	at com.ibm.academia.restapi.articulos.modelo.servicios.ArticuloServiceImpl.buscarTodosArticulos(ArticuloServiceImpl.java:25)
	at com.ibm.academia.restapi.articulos.controladores.ArticuloController.consultarTodosArticulos(ArticuloController.java:30)
	at java.base/jdk.internal.reflect.NativeMethodAccessorImpl.invoke0(Native Method)
	at java.base/jdk.internal.reflect.NativeMethodAccessorImpl.invoke(NativeMethodAccessorImpl.java:77)
	at java.base/jdk.internal.reflect.DelegatingMethodAccessorImpl.invoke(DelegatingMethodAccessorImpl.java:43)
	at java.base/java.lang.reflect.Method.invoke(Method.java:568)
	at org.springframework.web.method.support.InvocableHandlerMethod.doInvoke(InvocableHandlerMethod.java:205)
	at org.springframework.web.method.support.InvocableHandlerMethod.invokeForRequest(InvocableHandlerMethod.java:150)
	at org.springframework.web.servlet.mvc.method.annotation.ServletInvocableHandlerMethod.invokeAndHandle(ServletInvocableHandlerMethod.java:117)
	at org.springframework.web.servlet.mvc.method.annotation.RequestMappingHandlerAdapter.invokeHandlerMethod(RequestMappingHandlerAdapter.java:895)
	at org.springframework.web.servlet.mvc.method.annotation.RequestMappingHandlerAdapter.handleInternal(RequestMappingHandlerAdapter.java:808)
	at org.springframework.web.servlet.mvc.method.AbstractHandlerMethodAdapter.handle(AbstractHandlerMethodAdapter.java:87)
	at org.springframework.web.servlet.DispatcherServlet.doDispatch(DispatcherServlet.java:1067)
	at org.springframework.web.servlet.DispatcherServlet.doService(DispatcherServlet.java:963)
	at org.springframework.web.servlet.FrameworkServlet.processRequest(FrameworkServlet.java:1006)
	at org.springframework.web.servlet.FrameworkServlet.doGet(FrameworkServlet.java:898)
	at javax.servlet.http.HttpServlet.service(HttpServlet.java:655)
	at org.springframework.web.servlet.FrameworkServlet.service(FrameworkServlet.java:883)
	at javax.servlet.http.HttpServlet.service(HttpServlet.java:764)
	at org.apache.catalina.core.ApplicationFilterChain.internalDoFilter(ApplicationFilterChain.java:227)
	at org.apache.catalina.core.ApplicationFilterChain.doFilter(ApplicationFilterChain.java:162)
	at org.apache.tomcat.websocket.server.WsFilter.doFilter(WsFilter.java:53)
	at org.apache.catalina.core.ApplicationFilterChain.internalDoFilter(ApplicationFilterChain.java:189)
	at org.apache.catalina.core.ApplicationFilterChain.doFilter(ApplicationFilterChain.java:162)
	at org.springframework.web.filter.RequestContextFilter.doFilterInternal(RequestContextFilter.java:100)
	at org.springframework.web.filter.OncePerRequestFilter.doFilter(OncePerRequestFilter.java:117)
	at org.apache.catalina.core.ApplicationFilterChain.internalDoFilter(ApplicationFilterChain.java:189)
	at org.apache.catalina.core.ApplicationFilterChain.doFilter(ApplicationFilterChain.java:162)
	at org.springframework.web.filter.FormContentFilter.doFilterInternal(FormContentFilter.java:93)
	at org.springframework.web.filter.OncePerRequestFilter.doFilter(OncePerRequestFilter.java:117)
	at org.apache.catalina.core.ApplicationFilterChain.internalDoFilter(ApplicationFilterChain.java:189)
	at org.apache.catalina.core.ApplicationFilterChain.doFilter(ApplicationFilterChain.java:162)
	at org.springframework.web.filter.CharacterEncodingFilter.doFilterInternal(CharacterEncodingFilter.java:201)
	at org.springframework.web.filter.OncePerRequestFilter.doFilter(OncePerRequestFilter.java:117)
	at org.apache.catalina.core.ApplicationFilterChain.internalDoFilter(ApplicationFilterChain.java:189)
	at org.apache.catalina.core.ApplicationFilterChain.doFilter(ApplicationFilterChain.java:162)
	at org.apache.catalina.core.StandardWrapperValve.invoke(StandardWrapperValve.java:197)
	at org.apache.catalina.core.StandardContextValve.invoke(StandardContextValve.java:97)
	at org.apache.catalina.authenticator.AuthenticatorBase.invoke(AuthenticatorBase.java:541)
	at org.apache.catalina.core.StandardHostValve.invoke(StandardHostValve.java:135)
	at org.apache.catalina.valves.ErrorReportValve.invoke(ErrorReportValve.java:92)
	at org.apache.catalina.core.StandardEngineValve.invoke(StandardEngineValve.java:78)
	at org.apache.catalina.connector.CoyoteAdapter.service(CoyoteAdapter.java:360)
	at org.apache.coyote.http11.Http11Processor.service(Http11Processor.java:399)
	at org.apache.coyote.AbstractProcessorLight.process(AbstractProcessorLight.java:65)
	at org.apache.coyote.AbstractProtocol$ConnectionHandler.process(AbstractProtocol.java:890)
	at org.apache.tomcat.util.net.NioEndpoint$SocketProcessor.doRun(NioEndpoint.java:1787)
	at org.apache.tomcat.util.net.SocketProcessorBase.run(SocketProcessorBase.java:49)
	at org.apache.tomcat.util.threads.ThreadPoolExecutor.runWorker(ThreadPoolExecutor.java:1191)
	at org.apache.tomcat.util.threads.ThreadPoolExecutor$Worker.run(ThreadPoolExecutor.java:659)
	at org.apache.tomcat.util.threads.TaskThread$WrappingRunnable.run(TaskThread.java:61)
	at java.base/java.lang.Thread.run(Thread.java:833)
2022-07-13 18:46:31,506 INFO com.ibm.academia.restapi.articulos.RestItemsTApplication [restartedMain] Starting RestItemsTApplication using Java 17.0.3 on IBM-PF3AKMFS with PID 14132 (C:\Users\108481781\Downloads\Spring\RESTArticulosT\target\classes started by 108481781 in C:\Users\108481781\Downloads\Spring\RESTArticulosT)
2022-07-13 18:46:31,507 INFO com.ibm.academia.restapi.articulos.RestItemsTApplication [restartedMain] No active profile set, falling back to 1 default profile: "default"
2022-07-13 18:46:31,826 INFO org.springframework.boot.web.embedded.tomcat.TomcatWebServer [restartedMain] Tomcat initialized with port(s): 8002 (http)
2022-07-13 18:46:31,827 INFO org.apache.coyote.http11.Http11NioProtocol [restartedMain] Initializing ProtocolHandler ["http-nio-8002"]
2022-07-13 18:46:31,827 INFO org.apache.catalina.core.StandardService [restartedMain] Starting service [Tomcat]
2022-07-13 18:46:31,827 INFO org.apache.catalina.core.StandardEngine [restartedMain] Starting Servlet engine: [Apache Tomcat/9.0.64]
2022-07-13 18:46:31,837 INFO org.apache.catalina.core.ContainerBase.[Tomcat].[localhost].[/api/v1/rest-articulos] [restartedMain] Initializing Spring embedded WebApplicationContext
2022-07-13 18:46:31,837 INFO org.springframework.boot.web.servlet.context.ServletWebServerApplicationContext [restartedMain] Root WebApplicationContext: initialization completed in 327 ms
2022-07-13 18:46:31,904 WARN org.springframework.boot.devtools.autoconfigure.OptionalLiveReloadServer [restartedMain] Unable to start LiveReload server
2022-07-13 18:46:31,910 INFO org.apache.coyote.http11.Http11NioProtocol [restartedMain] Starting ProtocolHandler ["http-nio-8002"]
2022-07-13 18:46:31,916 INFO org.springframework.boot.web.embedded.tomcat.TomcatWebServer [restartedMain] Tomcat started on port(s): 8002 (http) with context path '/api/v1/rest-articulos'
2022-07-13 18:46:31,921 INFO com.ibm.academia.restapi.articulos.RestItemsTApplication [restartedMain] Started RestItemsTApplication in 0.454 seconds (JVM running for 804.935)
2022-07-13 18:46:31,924 INFO org.springframework.boot.devtools.autoconfigure.ConditionEvaluationDeltaLoggingListener [restartedMain] Condition evaluation unchanged
2022-07-13 18:46:52,829 INFO com.ibm.academia.restapi.articulos.RestItemsTApplication [restartedMain] Starting RestItemsTApplication using Java 17.0.3 on IBM-PF3AKMFS with PID 14132 (C:\Users\108481781\Downloads\Spring\RESTArticulosT\target\classes started by 108481781 in C:\Users\108481781\Downloads\Spring\RESTArticulosT)
2022-07-13 18:46:52,829 INFO com.ibm.academia.restapi.articulos.RestItemsTApplication [restartedMain] No active profile set, falling back to 1 default profile: "default"
2022-07-13 18:46:53,069 INFO org.springframework.boot.web.embedded.tomcat.TomcatWebServer [restartedMain] Tomcat initialized with port(s): 8002 (http)
2022-07-13 18:46:53,070 INFO org.apache.coyote.http11.Http11NioProtocol [restartedMain] Initializing ProtocolHandler ["http-nio-8002"]
2022-07-13 18:46:53,070 INFO org.apache.catalina.core.StandardService [restartedMain] Starting service [Tomcat]
2022-07-13 18:46:53,070 INFO org.apache.catalina.core.StandardEngine [restartedMain] Starting Servlet engine: [Apache Tomcat/9.0.64]
2022-07-13 18:46:53,082 INFO org.apache.catalina.core.ContainerBase.[Tomcat].[localhost].[/api/v1/rest-articulos] [restartedMain] Initializing Spring embedded WebApplicationContext
2022-07-13 18:46:53,082 INFO org.springframework.boot.web.servlet.context.ServletWebServerApplicationContext [restartedMain] Root WebApplicationContext: initialization completed in 250 ms
2022-07-13 18:46:53,139 WARN org.springframework.boot.devtools.autoconfigure.OptionalLiveReloadServer [restartedMain] Unable to start LiveReload server
2022-07-13 18:46:53,146 INFO org.apache.coyote.http11.Http11NioProtocol [restartedMain] Starting ProtocolHandler ["http-nio-8002"]
2022-07-13 18:46:53,151 INFO org.springframework.boot.web.embedded.tomcat.TomcatWebServer [restartedMain] Tomcat started on port(s): 8002 (http) with context path '/api/v1/rest-articulos'
2022-07-13 18:46:53,157 INFO com.ibm.academia.restapi.articulos.RestItemsTApplication [restartedMain] Started RestItemsTApplication in 0.361 seconds (JVM running for 826.171)
2022-07-13 18:46:53,159 INFO org.springframework.boot.devtools.autoconfigure.ConditionEvaluationDeltaLoggingListener [restartedMain] Condition evaluation unchanged
2022-07-13 18:46:56,252 INFO org.apache.catalina.core.ContainerBase.[Tomcat].[localhost].[/api/v1/rest-articulos] [http-nio-8002-exec-2] Initializing Spring DispatcherServlet 'dispatcherServlet'
2022-07-13 18:46:56,253 INFO org.springframework.web.servlet.DispatcherServlet [http-nio-8002-exec-2] Initializing Servlet 'dispatcherServlet'
2022-07-13 18:46:56,254 INFO org.springframework.web.servlet.DispatcherServlet [http-nio-8002-exec-2] Completed initialization in 1 ms
2022-07-13 18:47:34,333 INFO com.ibm.academia.restapi.articulos.RestItemsTApplication [restartedMain] Starting RestItemsTApplication using Java 17.0.3 on IBM-PF3AKMFS with PID 14132 (C:\Users\108481781\Downloads\Spring\RESTArticulosT\target\classes started by 108481781 in C:\Users\108481781\Downloads\Spring\RESTArticulosT)
2022-07-13 18:47:34,333 INFO com.ibm.academia.restapi.articulos.RestItemsTApplication [restartedMain] No active profile set, falling back to 1 default profile: "default"
2022-07-13 18:47:34,502 INFO org.springframework.boot.web.embedded.tomcat.TomcatWebServer [restartedMain] Tomcat initialized with port(s): 8002 (http)
2022-07-13 18:47:34,504 INFO org.apache.coyote.http11.Http11NioProtocol [restartedMain] Initializing ProtocolHandler ["http-nio-8002"]
2022-07-13 18:47:34,504 INFO org.apache.catalina.core.StandardService [restartedMain] Starting service [Tomcat]
2022-07-13 18:47:34,504 INFO org.apache.catalina.core.StandardEngine [restartedMain] Starting Servlet engine: [Apache Tomcat/9.0.64]
2022-07-13 18:47:34,521 INFO org.apache.catalina.core.ContainerBase.[Tomcat].[localhost].[/api/v1/rest-articulos] [restartedMain] Initializing Spring embedded WebApplicationContext
2022-07-13 18:47:34,521 INFO org.springframework.boot.web.servlet.context.ServletWebServerApplicationContext [restartedMain] Root WebApplicationContext: initialization completed in 185 ms
2022-07-13 18:47:34,582 WARN org.springframework.boot.devtools.autoconfigure.OptionalLiveReloadServer [restartedMain] Unable to start LiveReload server
2022-07-13 18:47:34,591 INFO org.apache.coyote.http11.Http11NioProtocol [restartedMain] Starting ProtocolHandler ["http-nio-8002"]
2022-07-13 18:47:34,598 INFO org.springframework.boot.web.embedded.tomcat.TomcatWebServer [restartedMain] Tomcat started on port(s): 8002 (http) with context path '/api/v1/rest-articulos'
2022-07-13 18:47:34,604 INFO com.ibm.academia.restapi.articulos.RestItemsTApplication [restartedMain] Started RestItemsTApplication in 0.303 seconds (JVM running for 867.617)
2022-07-13 18:47:34,606 INFO org.springframework.boot.devtools.autoconfigure.ConditionEvaluationDeltaLoggingListener [restartedMain] Condition evaluation unchanged
2022-07-13 18:47:59,530 INFO com.ibm.academia.restapi.articulos.RestItemsTApplication [restartedMain] Starting RestItemsTApplication using Java 17.0.3 on IBM-PF3AKMFS with PID 14132 (C:\Users\108481781\Downloads\Spring\RESTArticulosT\target\classes started by 108481781 in C:\Users\108481781\Downloads\Spring\RESTArticulosT)
2022-07-13 18:47:59,530 INFO com.ibm.academia.restapi.articulos.RestItemsTApplication [restartedMain] No active profile set, falling back to 1 default profile: "default"
2022-07-13 18:47:59,711 INFO org.springframework.boot.web.embedded.tomcat.TomcatWebServer [restartedMain] Tomcat initialized with port(s): 8002 (http)
2022-07-13 18:47:59,712 INFO org.apache.coyote.http11.Http11NioProtocol [restartedMain] Initializing ProtocolHandler ["http-nio-8002"]
2022-07-13 18:47:59,712 INFO org.apache.catalina.core.StandardService [restartedMain] Starting service [Tomcat]
2022-07-13 18:47:59,713 INFO org.apache.catalina.core.StandardEngine [restartedMain] Starting Servlet engine: [Apache Tomcat/9.0.64]
2022-07-13 18:47:59,726 INFO org.apache.catalina.core.ContainerBase.[Tomcat].[localhost].[/api/v1/rest-articulos] [restartedMain] Initializing Spring embedded WebApplicationContext
2022-07-13 18:47:59,727 INFO org.springframework.boot.web.servlet.context.ServletWebServerApplicationContext [restartedMain] Root WebApplicationContext: initialization completed in 191 ms
2022-07-13 18:47:59,791 WARN org.springframework.boot.devtools.autoconfigure.OptionalLiveReloadServer [restartedMain] Unable to start LiveReload server
2022-07-13 18:47:59,800 INFO org.apache.coyote.http11.Http11NioProtocol [restartedMain] Starting ProtocolHandler ["http-nio-8002"]
2022-07-13 18:47:59,808 INFO org.springframework.boot.web.embedded.tomcat.TomcatWebServer [restartedMain] Tomcat started on port(s): 8002 (http) with context path '/api/v1/rest-articulos'
2022-07-13 18:47:59,813 INFO com.ibm.academia.restapi.articulos.RestItemsTApplication [restartedMain] Started RestItemsTApplication in 0.309 seconds (JVM running for 892.827)
2022-07-13 18:47:59,816 INFO org.springframework.boot.devtools.autoconfigure.ConditionEvaluationDeltaLoggingListener [restartedMain] Condition evaluation unchanged
2022-07-13 18:48:02,653 INFO org.apache.catalina.core.ContainerBase.[Tomcat].[localhost].[/api/v1/rest-articulos] [http-nio-8002-exec-2] Initializing Spring DispatcherServlet 'dispatcherServlet'
2022-07-13 18:48:02,654 INFO org.springframework.web.servlet.DispatcherServlet [http-nio-8002-exec-2] Initializing Servlet 'dispatcherServlet'
2022-07-13 18:48:02,655 INFO org.springframework.web.servlet.DispatcherServlet [http-nio-8002-exec-2] Completed initialization in 1 ms
2022-07-13 18:51:49,522 INFO org.springframework.boot.admin.SpringApplicationAdminMXBeanRegistrar$SpringApplicationAdmin [RMI TCP Connection(46)-127.0.0.1] Application shutdown requested.
2022-07-13 19:47:34,403 INFO com.ibm.academia.restapi.articulos.RestItemsTApplication [restartedMain] Starting RestItemsTApplication using Java 17.0.3 on IBM-PF3AKMFS with PID 20076 (C:\Users\108481781\Downloads\Spring\RESTArticulosT\target\classes started by 108481781 in C:\Users\108481781\Downloads\Spring\RESTArticulosT)
2022-07-13 19:47:34,411 INFO com.ibm.academia.restapi.articulos.RestItemsTApplication [restartedMain] No active profile set, falling back to 1 default profile: "default"
2022-07-13 19:47:34,467 INFO org.springframework.boot.devtools.env.DevToolsPropertyDefaultsPostProcessor [restartedMain] Devtools property defaults active! Set 'spring.devtools.add-properties' to 'false' to disable
2022-07-13 19:47:34,467 INFO org.springframework.boot.devtools.env.DevToolsPropertyDefaultsPostProcessor [restartedMain] For additional web related logging consider setting the 'logging.level.web' property to 'DEBUG'
2022-07-13 19:47:35,290 INFO org.springframework.cloud.context.scope.GenericScope [restartedMain] BeanFactory id=ec009533-af25-3596-85ac-9d11affa2447
2022-07-13 19:47:35,872 INFO org.springframework.boot.web.embedded.tomcat.TomcatWebServer [restartedMain] Tomcat initialized with port(s): 8002 (http)
2022-07-13 19:47:35,890 INFO org.apache.coyote.http11.Http11NioProtocol [restartedMain] Initializing ProtocolHandler ["http-nio-8002"]
2022-07-13 19:47:35,890 INFO org.apache.catalina.core.StandardService [restartedMain] Starting service [Tomcat]
2022-07-13 19:47:35,890 INFO org.apache.catalina.core.StandardEngine [restartedMain] Starting Servlet engine: [Apache Tomcat/9.0.64]
2022-07-13 19:47:35,981 INFO org.apache.catalina.core.ContainerBase.[Tomcat].[localhost].[/api/v1/rest-articulos] [restartedMain] Initializing Spring embedded WebApplicationContext
2022-07-13 19:47:35,981 INFO org.springframework.boot.web.servlet.context.ServletWebServerApplicationContext [restartedMain] Root WebApplicationContext: initialization completed in 1513 ms
2022-07-13 19:47:36,182 WARN org.springframework.boot.devtools.autoconfigure.OptionalLiveReloadServer [restartedMain] Unable to start LiveReload server
2022-07-13 19:47:36,769 INFO org.apache.coyote.http11.Http11NioProtocol [restartedMain] Starting ProtocolHandler ["http-nio-8002"]
2022-07-13 19:47:36,811 INFO org.springframework.boot.web.embedded.tomcat.TomcatWebServer [restartedMain] Tomcat started on port(s): 8002 (http) with context path '/api/v1/rest-articulos'
2022-07-13 19:47:36,916 INFO com.ibm.academia.restapi.articulos.RestItemsTApplication [restartedMain] Started RestItemsTApplication in 3.231 seconds (JVM running for 4.513)
2022-07-13 19:50:33,976 INFO org.springframework.boot.admin.SpringApplicationAdminMXBeanRegistrar$SpringApplicationAdmin [RMI TCP Connection(11)-127.0.0.1] Application shutdown requested.
2022-07-13 20:00:55,287 INFO com.ibm.academia.restapi.articulos.RestItemsTApplication [restartedMain] Starting RestItemsTApplication using Java 17.0.3 on IBM-PF3AKMFS with PID 9504 (C:\Users\108481781\Downloads\Spring\RESTArticulosT\target\classes started by 108481781 in C:\Users\108481781\Downloads\Spring\RESTArticulosT)
2022-07-13 20:00:55,291 INFO com.ibm.academia.restapi.articulos.RestItemsTApplication [restartedMain] No active profile set, falling back to 1 default profile: "default"
2022-07-13 20:00:55,337 INFO org.springframework.boot.devtools.env.DevToolsPropertyDefaultsPostProcessor [restartedMain] Devtools property defaults active! Set 'spring.devtools.add-properties' to 'false' to disable
2022-07-13 20:00:55,337 INFO org.springframework.boot.devtools.env.DevToolsPropertyDefaultsPostProcessor [restartedMain] For additional web related logging consider setting the 'logging.level.web' property to 'DEBUG'
2022-07-13 20:00:56,116 INFO org.springframework.cloud.context.scope.GenericScope [restartedMain] BeanFactory id=658ccf78-7e12-3f30-8703-337b2c33b427
2022-07-13 20:00:56,645 INFO org.springframework.boot.web.embedded.tomcat.TomcatWebServer [restartedMain] Tomcat initialized with port(s): 8002 (http)
2022-07-13 20:00:56,655 INFO org.apache.coyote.http11.Http11NioProtocol [restartedMain] Initializing ProtocolHandler ["http-nio-8002"]
2022-07-13 20:00:56,655 INFO org.apache.catalina.core.StandardService [restartedMain] Starting service [Tomcat]
2022-07-13 20:00:56,656 INFO org.apache.catalina.core.StandardEngine [restartedMain] Starting Servlet engine: [Apache Tomcat/9.0.64]
2022-07-13 20:00:56,755 INFO org.apache.catalina.core.ContainerBase.[Tomcat].[localhost].[/api/v1/rest-articulos] [restartedMain] Initializing Spring embedded WebApplicationContext
2022-07-13 20:00:56,755 INFO org.springframework.boot.web.servlet.context.ServletWebServerApplicationContext [restartedMain] Root WebApplicationContext: initialization completed in 1417 ms
2022-07-13 20:00:56,949 WARN org.springframework.boot.devtools.autoconfigure.OptionalLiveReloadServer [restartedMain] Unable to start LiveReload server
2022-07-13 20:00:57,514 INFO org.apache.coyote.http11.Http11NioProtocol [restartedMain] Starting ProtocolHandler ["http-nio-8002"]
2022-07-13 20:00:57,555 INFO org.springframework.boot.web.embedded.tomcat.TomcatWebServer [restartedMain] Tomcat started on port(s): 8002 (http) with context path '/api/v1/rest-articulos'
2022-07-13 20:00:57,655 INFO com.ibm.academia.restapi.articulos.RestItemsTApplication [restartedMain] Started RestItemsTApplication in 2.956 seconds (JVM running for 4.038)
2022-07-13 20:04:16,012 INFO org.apache.catalina.core.ContainerBase.[Tomcat].[localhost].[/api/v1/rest-articulos] [http-nio-8002-exec-2] Initializing Spring DispatcherServlet 'dispatcherServlet'
2022-07-13 20:04:16,013 INFO org.springframework.web.servlet.DispatcherServlet [http-nio-8002-exec-2] Initializing Servlet 'dispatcherServlet'
2022-07-13 20:04:16,015 INFO org.springframework.web.servlet.DispatcherServlet [http-nio-8002-exec-2] Completed initialization in 2 ms
2022-07-13 20:05:21,692 ERROR org.apache.catalina.core.ContainerBase.[Tomcat].[localhost].[/api/v1/rest-articulos].[dispatcherServlet] [http-nio-8002-exec-4] Servlet.service() for servlet [dispatcherServlet] in context with path [/api/v1/rest-articulos] threw exception [Request processing failed; nested exception is feign.FeignException$NotFound: [404] during [GET] to [http://localhost:8001/api/v1/rest-productos/producto/ver-detalle/productoId/77] [ProductoClienteRest#consultarDetalleProducto(Long)]: [{"error":"El producto con ID 77 no existe"}]] with root cause
feign.FeignException$NotFound: [404] during [GET] to [http://localhost:8001/api/v1/rest-productos/producto/ver-detalle/productoId/77] [ProductoClienteRest#consultarDetalleProducto(Long)]: [{"error":"El producto con ID 77 no existe"}]
	at feign.FeignException.clientErrorStatus(FeignException.java:219)
	at feign.FeignException.errorStatus(FeignException.java:194)
	at feign.FeignException.errorStatus(FeignException.java:185)
	at feign.codec.ErrorDecoder$Default.decode(ErrorDecoder.java:92)
	at feign.AsyncResponseHandler.handleResponse(AsyncResponseHandler.java:96)
	at feign.SynchronousMethodHandler.executeAndDecode(SynchronousMethodHandler.java:138)
	at feign.SynchronousMethodHandler.invoke(SynchronousMethodHandler.java:89)
	at feign.ReflectiveFeign$FeignInvocationHandler.invoke(ReflectiveFeign.java:100)
	at jdk.proxy3/jdk.proxy3.$Proxy70.consultarDetalleProducto(Unknown Source)
	at com.ibm.academia.restapi.articulos.modelo.servicios.ArticuloServiceFeign.buscarArticuloPorId(ArticuloServiceFeign.java:25)
	at com.ibm.academia.restapi.articulos.controladores.ArticuloController.consultarDetalleArticulo(ArticuloController.java:45)
	at java.base/jdk.internal.reflect.NativeMethodAccessorImpl.invoke0(Native Method)
	at java.base/jdk.internal.reflect.NativeMethodAccessorImpl.invoke(NativeMethodAccessorImpl.java:77)
	at java.base/jdk.internal.reflect.DelegatingMethodAccessorImpl.invoke(DelegatingMethodAccessorImpl.java:43)
	at java.base/java.lang.reflect.Method.invoke(Method.java:568)
	at org.springframework.web.method.support.InvocableHandlerMethod.doInvoke(InvocableHandlerMethod.java:205)
	at org.springframework.web.method.support.InvocableHandlerMethod.invokeForRequest(InvocableHandlerMethod.java:150)
	at org.springframework.web.servlet.mvc.method.annotation.ServletInvocableHandlerMethod.invokeAndHandle(ServletInvocableHandlerMethod.java:117)
	at org.springframework.web.servlet.mvc.method.annotation.RequestMappingHandlerAdapter.invokeHandlerMethod(RequestMappingHandlerAdapter.java:895)
	at org.springframework.web.servlet.mvc.method.annotation.RequestMappingHandlerAdapter.handleInternal(RequestMappingHandlerAdapter.java:808)
	at org.springframework.web.servlet.mvc.method.AbstractHandlerMethodAdapter.handle(AbstractHandlerMethodAdapter.java:87)
	at org.springframework.web.servlet.DispatcherServlet.doDispatch(DispatcherServlet.java:1067)
	at org.springframework.web.servlet.DispatcherServlet.doService(DispatcherServlet.java:963)
	at org.springframework.web.servlet.FrameworkServlet.processRequest(FrameworkServlet.java:1006)
	at org.springframework.web.servlet.FrameworkServlet.doGet(FrameworkServlet.java:898)
	at javax.servlet.http.HttpServlet.service(HttpServlet.java:655)
	at org.springframework.web.servlet.FrameworkServlet.service(FrameworkServlet.java:883)
	at javax.servlet.http.HttpServlet.service(HttpServlet.java:764)
	at org.apache.catalina.core.ApplicationFilterChain.internalDoFilter(ApplicationFilterChain.java:227)
	at org.apache.catalina.core.ApplicationFilterChain.doFilter(ApplicationFilterChain.java:162)
	at org.apache.tomcat.websocket.server.WsFilter.doFilter(WsFilter.java:53)
	at org.apache.catalina.core.ApplicationFilterChain.internalDoFilter(ApplicationFilterChain.java:189)
	at org.apache.catalina.core.ApplicationFilterChain.doFilter(ApplicationFilterChain.java:162)
	at org.springframework.web.filter.RequestContextFilter.doFilterInternal(RequestContextFilter.java:100)
	at org.springframework.web.filter.OncePerRequestFilter.doFilter(OncePerRequestFilter.java:117)
	at org.apache.catalina.core.ApplicationFilterChain.internalDoFilter(ApplicationFilterChain.java:189)
	at org.apache.catalina.core.ApplicationFilterChain.doFilter(ApplicationFilterChain.java:162)
	at org.springframework.web.filter.FormContentFilter.doFilterInternal(FormContentFilter.java:93)
	at org.springframework.web.filter.OncePerRequestFilter.doFilter(OncePerRequestFilter.java:117)
	at org.apache.catalina.core.ApplicationFilterChain.internalDoFilter(ApplicationFilterChain.java:189)
	at org.apache.catalina.core.ApplicationFilterChain.doFilter(ApplicationFilterChain.java:162)
	at org.springframework.web.filter.CharacterEncodingFilter.doFilterInternal(CharacterEncodingFilter.java:201)
	at org.springframework.web.filter.OncePerRequestFilter.doFilter(OncePerRequestFilter.java:117)
	at org.apache.catalina.core.ApplicationFilterChain.internalDoFilter(ApplicationFilterChain.java:189)
	at org.apache.catalina.core.ApplicationFilterChain.doFilter(ApplicationFilterChain.java:162)
	at org.apache.catalina.core.StandardWrapperValve.invoke(StandardWrapperValve.java:197)
	at org.apache.catalina.core.StandardContextValve.invoke(StandardContextValve.java:97)
	at org.apache.catalina.authenticator.AuthenticatorBase.invoke(AuthenticatorBase.java:541)
	at org.apache.catalina.core.StandardHostValve.invoke(StandardHostValve.java:135)
	at org.apache.catalina.valves.ErrorReportValve.invoke(ErrorReportValve.java:92)
	at org.apache.catalina.core.StandardEngineValve.invoke(StandardEngineValve.java:78)
	at org.apache.catalina.connector.CoyoteAdapter.service(CoyoteAdapter.java:360)
	at org.apache.coyote.http11.Http11Processor.service(Http11Processor.java:399)
	at org.apache.coyote.AbstractProcessorLight.process(AbstractProcessorLight.java:65)
	at org.apache.coyote.AbstractProtocol$ConnectionHandler.process(AbstractProtocol.java:890)
	at org.apache.tomcat.util.net.NioEndpoint$SocketProcessor.doRun(NioEndpoint.java:1787)
	at org.apache.tomcat.util.net.SocketProcessorBase.run(SocketProcessorBase.java:49)
	at org.apache.tomcat.util.threads.ThreadPoolExecutor.runWorker(ThreadPoolExecutor.java:1191)
	at org.apache.tomcat.util.threads.ThreadPoolExecutor$Worker.run(ThreadPoolExecutor.java:659)
	at org.apache.tomcat.util.threads.TaskThread$WrappingRunnable.run(TaskThread.java:61)
	at java.base/java.lang.Thread.run(Thread.java:833)
2022-07-13 20:39:33,416 INFO com.ibm.academia.restapi.articulos.RestItemsTApplication [restartedMain] Starting RestItemsTApplication using Java 17.0.3 on IBM-PF3AKMFS with PID 9504 (C:\Users\108481781\Downloads\Spring\RESTArticulosT\target\classes started by 108481781 in C:\Users\108481781\Downloads\Spring\RESTArticulosT)
2022-07-13 20:39:33,416 INFO com.ibm.academia.restapi.articulos.RestItemsTApplication [restartedMain] No active profile set, falling back to 1 default profile: "default"
2022-07-13 20:39:33,943 INFO org.springframework.cloud.context.scope.GenericScope [restartedMain] BeanFactory id=658ccf78-7e12-3f30-8703-337b2c33b427
2022-07-13 20:39:34,023 INFO org.springframework.boot.web.embedded.tomcat.TomcatWebServer [restartedMain] Tomcat initialized with port(s): 8002 (http)
2022-07-13 20:39:34,026 INFO org.apache.coyote.http11.Http11NioProtocol [restartedMain] Initializing ProtocolHandler ["http-nio-8002"]
2022-07-13 20:39:34,026 INFO org.apache.catalina.core.StandardService [restartedMain] Starting service [Tomcat]
2022-07-13 20:39:34,027 INFO org.apache.catalina.core.StandardEngine [restartedMain] Starting Servlet engine: [Apache Tomcat/9.0.64]
2022-07-13 20:39:34,052 INFO org.apache.catalina.core.ContainerBase.[Tomcat].[localhost].[/api/v1/rest-articulos] [restartedMain] Initializing Spring embedded WebApplicationContext
2022-07-13 20:39:34,052 INFO org.springframework.boot.web.servlet.context.ServletWebServerApplicationContext [restartedMain] Root WebApplicationContext: initialization completed in 630 ms
2022-07-13 20:39:34,120 WARN org.springframework.boot.devtools.autoconfigure.OptionalLiveReloadServer [restartedMain] Unable to start LiveReload server
2022-07-13 20:39:34,435 INFO org.apache.coyote.http11.Http11NioProtocol [restartedMain] Starting ProtocolHandler ["http-nio-8002"]
2022-07-13 20:39:34,445 INFO org.springframework.boot.web.embedded.tomcat.TomcatWebServer [restartedMain] Tomcat started on port(s): 8002 (http) with context path '/api/v1/rest-articulos'
2022-07-13 20:39:34,518 INFO com.ibm.academia.restapi.articulos.RestItemsTApplication [restartedMain] Started RestItemsTApplication in 1.297 seconds (JVM running for 2320.902)
2022-07-13 20:39:34,520 INFO org.springframework.boot.devtools.autoconfigure.ConditionEvaluationDeltaLoggingListener [restartedMain] Condition evaluation unchanged
2022-07-13 20:49:41,981 INFO com.ibm.academia.restapi.articulos.RestItemsTApplication [restartedMain] Starting RestItemsTApplication using Java 17.0.3 on IBM-PF3AKMFS with PID 9504 (C:\Users\108481781\Downloads\Spring\RESTArticulosT\target\classes started by 108481781 in C:\Users\108481781\Downloads\Spring\RESTArticulosT)
2022-07-13 20:49:41,982 INFO com.ibm.academia.restapi.articulos.RestItemsTApplication [restartedMain] No active profile set, falling back to 1 default profile: "default"
2022-07-13 20:49:42,348 INFO org.springframework.cloud.context.scope.GenericScope [restartedMain] BeanFactory id=658ccf78-7e12-3f30-8703-337b2c33b427
2022-07-13 20:49:42,412 INFO org.springframework.boot.web.embedded.tomcat.TomcatWebServer [restartedMain] Tomcat initialized with port(s): 8002 (http)
2022-07-13 20:49:42,414 INFO org.apache.coyote.http11.Http11NioProtocol [restartedMain] Initializing ProtocolHandler ["http-nio-8002"]
2022-07-13 20:49:42,414 INFO org.apache.catalina.core.StandardService [restartedMain] Starting service [Tomcat]
2022-07-13 20:49:42,414 INFO org.apache.catalina.core.StandardEngine [restartedMain] Starting Servlet engine: [Apache Tomcat/9.0.64]
2022-07-13 20:49:42,442 INFO org.apache.catalina.core.ContainerBase.[Tomcat].[localhost].[/api/v1/rest-articulos] [restartedMain] Initializing Spring embedded WebApplicationContext
2022-07-13 20:49:42,442 INFO org.springframework.boot.web.servlet.context.ServletWebServerApplicationContext [restartedMain] Root WebApplicationContext: initialization completed in 453 ms
2022-07-13 20:49:42,515 WARN org.springframework.boot.devtools.autoconfigure.OptionalLiveReloadServer [restartedMain] Unable to start LiveReload server
2022-07-13 20:49:42,745 INFO org.apache.coyote.http11.Http11NioProtocol [restartedMain] Starting ProtocolHandler ["http-nio-8002"]
2022-07-13 20:49:42,754 INFO org.springframework.boot.web.embedded.tomcat.TomcatWebServer [restartedMain] Tomcat started on port(s): 8002 (http) with context path '/api/v1/rest-articulos'
2022-07-13 20:49:42,830 INFO com.ibm.academia.restapi.articulos.RestItemsTApplication [restartedMain] Started RestItemsTApplication in 1.03 seconds (JVM running for 2929.214)
2022-07-13 20:49:42,833 INFO org.springframework.boot.devtools.autoconfigure.ConditionEvaluationDeltaLoggingListener [restartedMain] Condition evaluation unchanged
2022-07-13 20:50:45,735 INFO com.ibm.academia.restapi.articulos.RestItemsTApplication [restartedMain] Starting RestItemsTApplication using Java 17.0.3 on IBM-PF3AKMFS with PID 4612 (C:\Users\108481781\Downloads\Spring\RESTArticulosT\target\classes started by 108481781 in C:\Users\108481781\Downloads\Spring\RESTArticulosT)
2022-07-13 20:50:45,749 INFO com.ibm.academia.restapi.articulos.RestItemsTApplication [restartedMain] No active profile set, falling back to 1 default profile: "default"
2022-07-13 20:50:45,894 INFO org.springframework.boot.devtools.env.DevToolsPropertyDefaultsPostProcessor [restartedMain] Devtools property defaults active! Set 'spring.devtools.add-properties' to 'false' to disable
2022-07-13 20:50:45,894 INFO org.springframework.boot.devtools.env.DevToolsPropertyDefaultsPostProcessor [restartedMain] For additional web related logging consider setting the 'logging.level.web' property to 'DEBUG'
2022-07-13 20:50:47,627 INFO org.springframework.cloud.context.scope.GenericScope [restartedMain] BeanFactory id=658ccf78-7e12-3f30-8703-337b2c33b427
2022-07-13 20:50:48,594 INFO org.springframework.boot.web.embedded.tomcat.TomcatWebServer [restartedMain] Tomcat initialized with port(s): 8002 (http)
2022-07-13 20:50:48,617 INFO org.apache.coyote.http11.Http11NioProtocol [restartedMain] Initializing ProtocolHandler ["http-nio-8002"]
2022-07-13 20:50:48,619 INFO org.apache.catalina.core.StandardService [restartedMain] Starting service [Tomcat]
2022-07-13 20:50:48,620 INFO org.apache.catalina.core.StandardEngine [restartedMain] Starting Servlet engine: [Apache Tomcat/9.0.64]
2022-07-13 20:50:48,837 INFO org.apache.catalina.core.ContainerBase.[Tomcat].[localhost].[/api/v1/rest-articulos] [restartedMain] Initializing Spring embedded WebApplicationContext
2022-07-13 20:50:48,838 INFO org.springframework.boot.web.servlet.context.ServletWebServerApplicationContext [restartedMain] Root WebApplicationContext: initialization completed in 2942 ms
2022-07-13 20:50:49,294 WARN org.springframework.boot.devtools.autoconfigure.OptionalLiveReloadServer [restartedMain] Unable to start LiveReload server
2022-07-13 20:50:50,208 INFO org.apache.coyote.http11.Http11NioProtocol [restartedMain] Starting ProtocolHandler ["http-nio-8002"]
2022-07-13 20:50:50,258 INFO org.springframework.boot.web.embedded.tomcat.TomcatWebServer [restartedMain] Tomcat started on port(s): 8002 (http) with context path '/api/v1/rest-articulos'
2022-07-13 20:50:50,455 INFO com.ibm.academia.restapi.articulos.RestItemsTApplication [restartedMain] Started RestItemsTApplication in 5.767 seconds (JVM running for 8.054)
2022-07-13 20:51:07,516 INFO org.apache.catalina.core.ContainerBase.[Tomcat].[localhost].[/api/v1/rest-articulos] [http-nio-8002-exec-2] Initializing Spring DispatcherServlet 'dispatcherServlet'
2022-07-13 20:51:07,517 INFO org.springframework.web.servlet.DispatcherServlet [http-nio-8002-exec-2] Initializing Servlet 'dispatcherServlet'
2022-07-13 20:51:07,519 INFO org.springframework.web.servlet.DispatcherServlet [http-nio-8002-exec-2] Completed initialization in 2 ms
2022-07-13 20:51:07,685 INFO com.ibm.academia.restapi.articulos.controladores.ArticuloController [http-nio-8002-exec-2] Mensaje: [404] during [GET] to [http://localhost:8001/api/v1/rest-productos/producto/ver-detalle/productoId/77] [ProductoClienteRest#consultarDetalleProducto(Long)]: [{"error":"El producto con ID 77 no existe"}] causa: null
2022-07-13 20:52:57,206 INFO org.springframework.boot.admin.SpringApplicationAdminMXBeanRegistrar$SpringApplicationAdmin [RMI TCP Connection(10)-127.0.0.1] Application shutdown requested.
2022-07-13 21:27:12,372 INFO org.springframework.boot.devtools.env.DevToolsPropertyDefaultsPostProcessor [restartedMain] Devtools property defaults active! Set 'spring.devtools.add-properties' to 'false' to disable
2022-07-13 21:27:12,793 INFO com.ibm.academia.restapi.articulos.RestItemsTApplication [restartedMain] No active profile set, falling back to default profiles: default
2022-07-13 21:27:13,538 INFO org.springframework.cloud.context.scope.GenericScope [restartedMain] BeanFactory id=d916add2-38d6-3075-97d1-4729c0fb0aed
2022-07-13 21:27:14,040 INFO org.springframework.boot.web.embedded.tomcat.TomcatWebServer [restartedMain] Tomcat initialized with port(s): 8002 (http)
2022-07-13 21:27:14,069 INFO org.apache.coyote.http11.Http11NioProtocol [restartedMain] Initializing ProtocolHandler ["http-nio-8002"]
2022-07-13 21:27:14,070 INFO org.apache.catalina.core.StandardService [restartedMain] Starting service [Tomcat]
2022-07-13 21:27:14,070 INFO org.apache.catalina.core.StandardEngine [restartedMain] Starting Servlet engine: [Apache Tomcat/9.0.46]
2022-07-13 21:27:14,192 INFO org.apache.catalina.core.ContainerBase.[Tomcat].[localhost].[/api/v1/rest-articulos] [restartedMain] Initializing Spring embedded WebApplicationContext
2022-07-13 21:27:14,193 INFO org.springframework.boot.web.servlet.context.ServletWebServerApplicationContext [restartedMain] Root WebApplicationContext: initialization completed in 1370 ms
2022-07-13 21:27:14,420 WARN org.springframework.boot.devtools.autoconfigure.OptionalLiveReloadServer [restartedMain] Unable to start LiveReload server
2022-07-13 21:27:14,453 INFO org.springframework.cloud.openfeign.FeignClientFactoryBean [restartedMain] For 'api-productos' URL not provided. Will try picking an instance via load-balancing.
2022-07-13 21:27:14,587 WARN com.netflix.config.sources.URLConfigurationSource [restartedMain] No URLs will be polled as dynamic configuration sources.
2022-07-13 21:27:14,587 INFO com.netflix.config.sources.URLConfigurationSource [restartedMain] To enable URLs as dynamic configuration sources, define System property archaius.configurationSource.additionalUrls or make config.properties available on classpath.
2022-07-13 21:27:14,594 WARN com.netflix.config.sources.URLConfigurationSource [restartedMain] No URLs will be polled as dynamic configuration sources.
2022-07-13 21:27:14,595 INFO com.netflix.config.sources.URLConfigurationSource [restartedMain] To enable URLs as dynamic configuration sources, define System property archaius.configurationSource.additionalUrls or make config.properties available on classpath.
2022-07-13 21:27:14,748 INFO org.springframework.scheduling.concurrent.ThreadPoolTaskExecutor [restartedMain] Initializing ExecutorService 'applicationTaskExecutor'
2022-07-13 21:27:15,289 INFO org.apache.coyote.http11.Http11NioProtocol [restartedMain] Starting ProtocolHandler ["http-nio-8002"]
2022-07-13 21:27:15,373 INFO org.springframework.boot.web.embedded.tomcat.TomcatWebServer [restartedMain] Tomcat started on port(s): 8002 (http) with context path '/api/v1/rest-articulos'
2022-07-13 21:27:15,521 INFO com.ibm.academia.restapi.articulos.RestItemsTApplication [restartedMain] Started RestItemsTApplication in 3.638 seconds (JVM running for 4.774)
