2022-07-21 13:49:23,574 INFO com.ibm.academia.restapi.eureka.EurekaServerTApplication [restartedMain] Starting EurekaServerTApplication using Java 17.0.3 on IBM-PF3AKMFS with PID 3428 (C:\Users\108481781\Downloads\Spring\EurekaServerT\target\classes started by 108481781 in C:\Users\108481781\Downloads\Spring\EurekaServerT)
2022-07-21 13:49:23,586 INFO com.ibm.academia.restapi.eureka.EurekaServerTApplication [restartedMain] No active profile set, falling back to 1 default profile: "default"
2022-07-21 13:49:23,658 INFO org.springframework.boot.devtools.env.DevToolsPropertyDefaultsPostProcessor [restartedMain] Devtools property defaults active! Set 'spring.devtools.add-properties' to 'false' to disable
2022-07-21 13:49:23,659 INFO org.springframework.boot.devtools.env.DevToolsPropertyDefaultsPostProcessor [restartedMain] For additional web related logging consider setting the 'logging.level.web' property to 'DEBUG'
2022-07-21 13:49:25,268 INFO org.springframework.cloud.context.scope.GenericScope [restartedMain] BeanFactory id=a015ea92-8c3a-35fb-9d80-4abafabdcf80
2022-07-21 13:49:25,935 INFO org.springframework.boot.web.embedded.tomcat.TomcatWebServer [restartedMain] Tomcat initialized with port(s): 8761 (http)
2022-07-21 13:49:25,954 INFO org.apache.coyote.http11.Http11NioProtocol [restartedMain] Initializing ProtocolHandler ["http-nio-8761"]
2022-07-21 13:49:25,956 INFO org.apache.catalina.core.StandardService [restartedMain] Starting service [Tomcat]
2022-07-21 13:49:25,957 INFO org.apache.catalina.core.StandardEngine [restartedMain] Starting Servlet engine: [Apache Tomcat/9.0.64]
2022-07-21 13:49:26,102 INFO org.apache.catalina.core.ContainerBase.[Tomcat].[localhost].[/] [restartedMain] Initializing Spring embedded WebApplicationContext
2022-07-21 13:49:26,102 INFO org.springframework.boot.web.servlet.context.ServletWebServerApplicationContext [restartedMain] Root WebApplicationContext: initialization completed in 2441 ms
2022-07-21 13:49:26,685 INFO com.sun.jersey.server.impl.application.WebApplicationImpl [restartedMain] Initiating Jersey application, version 'Jersey: 1.19.4 05/24/2017 03:20 PM'
2022-07-21 13:49:26,783 INFO com.netflix.discovery.provider.DiscoveryJerseyProvider [restartedMain] Using JSON encoding codec LegacyJacksonJson
2022-07-21 13:49:26,785 INFO com.netflix.discovery.provider.DiscoveryJerseyProvider [restartedMain] Using JSON decoding codec LegacyJacksonJson
2022-07-21 13:49:27,007 INFO com.netflix.discovery.provider.DiscoveryJerseyProvider [restartedMain] Using XML encoding codec XStreamXml
2022-07-21 13:49:27,007 INFO com.netflix.discovery.provider.DiscoveryJerseyProvider [restartedMain] Using XML decoding codec XStreamXml
2022-07-21 13:49:28,464 INFO org.springframework.boot.devtools.autoconfigure.OptionalLiveReloadServer [restartedMain] LiveReload server is running on port 35729
2022-07-21 13:49:28,543 INFO org.springframework.cloud.netflix.eureka.config.DiscoveryClientOptionalArgsConfiguration [restartedMain] Eureka HTTP Client uses Jersey
2022-07-21 13:49:28,616 WARN org.springframework.cloud.loadbalancer.config.LoadBalancerCacheAutoConfiguration$LoadBalancerCaffeineWarnLogger [restartedMain] Spring Cloud LoadBalancer is currently working with the default cache. While this cache implementation is useful for development and tests, it's recommended to use Caffeine cache in production.You can switch to using Caffeine cache, by adding it and org.springframework.cache.caffeine.CaffeineCacheManager to the classpath.
2022-07-21 13:49:28,636 INFO org.springframework.cloud.netflix.eureka.InstanceInfoFactory [restartedMain] Setting initial instance status as: STARTING
2022-07-21 13:49:28,677 INFO com.netflix.discovery.DiscoveryClient [restartedMain] Initializing Eureka in region us-east-1
2022-07-21 13:49:28,677 INFO com.netflix.discovery.DiscoveryClient [restartedMain] Client configured to neither register nor query for data.
2022-07-21 13:49:28,693 INFO com.netflix.discovery.DiscoveryClient [restartedMain] Discovery Client initialized at timestamp 1658429368693 with initial instances count: 0
2022-07-21 13:49:28,739 INFO com.netflix.eureka.DefaultEurekaServerContext [restartedMain] Initializing ...
2022-07-21 13:49:28,741 INFO com.netflix.eureka.cluster.PeerEurekaNodes [restartedMain] Adding new peer nodes [http://localhost:8761/eureka/]
2022-07-21 13:49:28,891 INFO com.netflix.discovery.provider.DiscoveryJerseyProvider [restartedMain] Using JSON encoding codec LegacyJacksonJson
2022-07-21 13:49:28,892 INFO com.netflix.discovery.provider.DiscoveryJerseyProvider [restartedMain] Using JSON decoding codec LegacyJacksonJson
2022-07-21 13:49:28,892 INFO com.netflix.discovery.provider.DiscoveryJerseyProvider [restartedMain] Using XML encoding codec XStreamXml
2022-07-21 13:49:28,892 INFO com.netflix.discovery.provider.DiscoveryJerseyProvider [restartedMain] Using XML decoding codec XStreamXml
2022-07-21 13:49:29,150 INFO com.netflix.eureka.cluster.PeerEurekaNodes [restartedMain] Replica node URL:  http://localhost:8761/eureka/
2022-07-21 13:49:29,199 INFO com.netflix.eureka.registry.AbstractInstanceRegistry [restartedMain] Finished initializing remote region registries. All known remote regions: []
2022-07-21 13:49:29,209 INFO com.netflix.eureka.DefaultEurekaServerContext [restartedMain] Initialized
2022-07-21 13:49:29,218 INFO org.springframework.boot.actuate.endpoint.web.EndpointLinksResolver [restartedMain] Exposing 1 endpoint(s) beneath base path '/actuator'
2022-07-21 13:49:29,329 INFO org.springframework.cloud.netflix.eureka.serviceregistry.EurekaServiceRegistry [restartedMain] Registering application API-EUREKA-SERVER with eureka with status UP
2022-07-21 13:49:29,333 INFO org.apache.coyote.http11.Http11NioProtocol [restartedMain] Starting ProtocolHandler ["http-nio-8761"]
2022-07-21 13:49:29,347 INFO org.springframework.cloud.netflix.eureka.server.EurekaServerBootstrap [Thread-15] isAws returned false
2022-07-21 13:49:29,347 INFO org.springframework.cloud.netflix.eureka.server.EurekaServerBootstrap [Thread-15] Initialized server context
2022-07-21 13:49:29,348 INFO com.netflix.eureka.registry.PeerAwareInstanceRegistryImpl [Thread-15] Got 1 instances from neighboring DS node
2022-07-21 13:49:29,348 INFO com.netflix.eureka.registry.PeerAwareInstanceRegistryImpl [Thread-15] Renew threshold is: 1
2022-07-21 13:49:29,348 INFO com.netflix.eureka.registry.PeerAwareInstanceRegistryImpl [Thread-15] Changing status to UP
2022-07-21 13:49:29,380 INFO org.springframework.boot.web.embedded.tomcat.TomcatWebServer [restartedMain] Tomcat started on port(s): 8761 (http) with context path ''
2022-07-21 13:49:29,381 INFO org.springframework.cloud.netflix.eureka.serviceregistry.EurekaAutoServiceRegistration [restartedMain] Updating port to 8761
2022-07-21 13:49:29,456 INFO org.springframework.cloud.netflix.eureka.server.EurekaServerInitializerConfiguration [Thread-15] Started Eureka Server
2022-07-21 13:49:29,612 INFO com.ibm.academia.restapi.eureka.EurekaServerTApplication [restartedMain] Started EurekaServerTApplication in 6.99 seconds (JVM running for 8.525)
2022-07-21 13:49:36,054 INFO org.apache.catalina.core.ContainerBase.[Tomcat].[localhost].[/] [http-nio-8761-exec-1] Initializing Spring DispatcherServlet 'dispatcherServlet'
2022-07-21 13:49:36,054 INFO org.springframework.web.servlet.DispatcherServlet [http-nio-8761-exec-1] Initializing Servlet 'dispatcherServlet'
2022-07-21 13:49:36,056 INFO org.springframework.web.servlet.DispatcherServlet [http-nio-8761-exec-1] Completed initialization in 2 ms
2022-07-21 13:49:36,383 INFO com.netflix.eureka.registry.AbstractInstanceRegistry [http-nio-8761-exec-2] Registered instance API-PRODUCTOS/api-productos:497b44daa7fee72c6e861b724cc58ab3 with status UP (replication=false)
2022-07-21 13:49:36,997 INFO com.netflix.eureka.registry.AbstractInstanceRegistry [http-nio-8761-exec-3] Registered instance API-PRODUCTOS/api-productos:497b44daa7fee72c6e861b724cc58ab3 with status UP (replication=true)
2022-07-21 13:49:51,519 INFO com.netflix.eureka.registry.AbstractInstanceRegistry [http-nio-8761-exec-6] Registered instance API-PRODUCTOS/api-productos:755dd3cc88549d68cb7bf735e2c84065 with status UP (replication=false)
2022-07-21 13:49:52,029 INFO com.netflix.eureka.registry.AbstractInstanceRegistry [http-nio-8761-exec-5] Registered instance API-PRODUCTOS/api-productos:755dd3cc88549d68cb7bf735e2c84065 with status UP (replication=true)
2022-07-21 13:50:01,373 INFO com.netflix.eureka.registry.AbstractInstanceRegistry [http-nio-8761-exec-9] Registered instance API-PRODUCTOS/api-productos:9a8f7d652238ced0a2aea882e0b49c85 with status UP (replication=false)
2022-07-21 13:50:01,887 INFO com.netflix.eureka.registry.AbstractInstanceRegistry [http-nio-8761-exec-10] Registered instance API-PRODUCTOS/api-productos:9a8f7d652238ced0a2aea882e0b49c85 with status UP (replication=true)
2022-07-21 13:50:12,018 INFO com.netflix.eureka.registry.AbstractInstanceRegistry [http-nio-8761-exec-4] Registered instance API-ARTICULOS/10.130.205.13:api-articulos:8002 with status UP (replication=false)
2022-07-21 13:50:12,526 INFO com.netflix.eureka.registry.AbstractInstanceRegistry [http-nio-8761-exec-6] Registered instance API-ARTICULOS/10.130.205.13:api-articulos:8002 with status UP (replication=true)
2022-07-21 13:50:28,097 INFO com.netflix.eureka.registry.AbstractInstanceRegistry [http-nio-8761-exec-8] Registered instance API-ZUUL-SERVER/10.130.205.13:api-zuul-server:8090 with status UP (replication=false)
2022-07-21 13:50:28,606 INFO com.netflix.eureka.registry.AbstractInstanceRegistry [http-nio-8761-exec-1] Registered instance API-ZUUL-SERVER/10.130.205.13:api-zuul-server:8090 with status UP (replication=true)
2022-07-21 13:50:29,349 INFO com.netflix.eureka.registry.AbstractInstanceRegistry [Eureka-EvictionTimer] Running the evict task with compensationTime 0ms
