2022-07-19 11:12:25,118 INFO org.hibernate.validator.internal.util.Version [background-preinit] HV000001: Hibernate Validator 6.1.7.Final
2022-07-19 11:12:25,159 INFO org.springframework.boot.devtools.env.DevToolsPropertyDefaultsPostProcessor [restartedMain] Devtools property defaults active! Set 'spring.devtools.add-properties' to 'false' to disable
2022-07-19 11:12:25,677 INFO com.ibm.academia.restapi.articulos.RestArticulosMApplication [restartedMain] No active profile set, falling back to default profiles: default
2022-07-19 11:12:26,531 INFO org.springframework.cloud.context.scope.GenericScope [restartedMain] BeanFactory id=cdb60a60-4a92-3815-ba06-c8dd8c578d30
2022-07-19 11:12:27,242 INFO org.springframework.boot.web.embedded.tomcat.TomcatWebServer [restartedMain] Tomcat initialized with port(s): 8002 (http)
2022-07-19 11:12:27,260 INFO org.apache.coyote.http11.Http11NioProtocol [restartedMain] Initializing ProtocolHandler ["http-nio-8002"]
2022-07-19 11:12:27,261 INFO org.apache.catalina.core.StandardService [restartedMain] Starting service [Tomcat]
2022-07-19 11:12:27,261 INFO org.apache.catalina.core.StandardEngine [restartedMain] Starting Servlet engine: [Apache Tomcat/9.0.46]
2022-07-19 11:12:27,386 INFO org.apache.catalina.core.ContainerBase.[Tomcat].[localhost].[/api/v1/rest-articulos] [restartedMain] Initializing Spring embedded WebApplicationContext
2022-07-19 11:12:27,386 INFO org.springframework.boot.web.servlet.context.ServletWebServerApplicationContext [restartedMain] Root WebApplicationContext: initialization completed in 1673 ms
2022-07-19 11:12:27,512 WARN com.netflix.config.sources.URLConfigurationSource [restartedMain] No URLs will be polled as dynamic configuration sources.
2022-07-19 11:12:27,512 INFO com.netflix.config.sources.URLConfigurationSource [restartedMain] To enable URLs as dynamic configuration sources, define System property archaius.configurationSource.additionalUrls or make config.properties available on classpath.
2022-07-19 11:12:27,519 WARN com.netflix.config.sources.URLConfigurationSource [restartedMain] No URLs will be polled as dynamic configuration sources.
2022-07-19 11:12:27,519 INFO com.netflix.config.sources.URLConfigurationSource [restartedMain] To enable URLs as dynamic configuration sources, define System property archaius.configurationSource.additionalUrls or make config.properties available on classpath.
2022-07-19 11:12:27,783 INFO org.springframework.scheduling.concurrent.ThreadPoolTaskExecutor [restartedMain] Initializing ExecutorService 'applicationTaskExecutor'
2022-07-19 11:12:28,027 WARN org.springframework.boot.devtools.autoconfigure.OptionalLiveReloadServer [restartedMain] Unable to start LiveReload server
2022-07-19 11:12:28,206 INFO org.springframework.cloud.netflix.eureka.config.DiscoveryClientOptionalArgsConfiguration [restartedMain] Eureka HTTP Client uses Jersey
2022-07-19 11:12:28,406 WARN org.springframework.cloud.loadbalancer.config.BlockingLoadBalancerClientAutoConfiguration$BlockingLoadBalancerClientRibbonWarnLogger [restartedMain] You already have RibbonLoadBalancerClient on your classpath. It will be used by default. As Spring Cloud Ribbon is in maintenance mode. We recommend switching to BlockingLoadBalancerClient instead. In order to use it, set the value of `spring.cloud.loadbalancer.ribbon.enabled` to `false` or remove spring-cloud-starter-netflix-ribbon from your project.
2022-07-19 11:12:28,553 INFO org.springframework.cloud.netflix.eureka.InstanceInfoFactory [restartedMain] Setting initial instance status as: STARTING
2022-07-19 11:12:28,604 INFO com.netflix.discovery.DiscoveryClient [restartedMain] Initializing Eureka in region us-east-1
2022-07-19 11:12:28,768 INFO com.netflix.discovery.provider.DiscoveryJerseyProvider [restartedMain] Using JSON encoding codec LegacyJacksonJson
2022-07-19 11:12:28,768 INFO com.netflix.discovery.provider.DiscoveryJerseyProvider [restartedMain] Using JSON decoding codec LegacyJacksonJson
2022-07-19 11:12:28,942 INFO com.netflix.discovery.provider.DiscoveryJerseyProvider [restartedMain] Using XML encoding codec XStreamXml
2022-07-19 11:12:28,943 INFO com.netflix.discovery.provider.DiscoveryJerseyProvider [restartedMain] Using XML decoding codec XStreamXml
2022-07-19 11:12:29,339 INFO com.netflix.discovery.shared.resolver.aws.ConfigClusterResolver [restartedMain] Resolving eureka endpoints via configuration
2022-07-19 11:12:29,365 INFO com.netflix.discovery.DiscoveryClient [restartedMain] Disable delta property : false
2022-07-19 11:12:29,366 INFO com.netflix.discovery.DiscoveryClient [restartedMain] Single vip registry refresh property : null
2022-07-19 11:12:29,366 INFO com.netflix.discovery.DiscoveryClient [restartedMain] Force full registry fetch : false
2022-07-19 11:12:29,366 INFO com.netflix.discovery.DiscoveryClient [restartedMain] Application is null : false
2022-07-19 11:12:29,366 INFO com.netflix.discovery.DiscoveryClient [restartedMain] Registered Applications size is zero : true
2022-07-19 11:12:29,366 INFO com.netflix.discovery.DiscoveryClient [restartedMain] Application version is -1: true
2022-07-19 11:12:29,366 INFO com.netflix.discovery.DiscoveryClient [restartedMain] Getting all instance registry info from the eureka server
2022-07-19 11:12:29,515 INFO com.netflix.discovery.DiscoveryClient [restartedMain] The response status is 200
2022-07-19 11:12:29,523 INFO com.netflix.discovery.DiscoveryClient [restartedMain] Starting heartbeat executor: renew interval is: 30
2022-07-19 11:12:29,533 INFO com.netflix.discovery.InstanceInfoReplicator [restartedMain] InstanceInfoReplicator onDemand update allowed rate per min is 4
2022-07-19 11:12:29,550 INFO com.netflix.discovery.DiscoveryClient [restartedMain] Discovery Client initialized at timestamp 1658247149549 with initial instances count: 2
2022-07-19 11:12:29,555 INFO org.springframework.cloud.netflix.eureka.serviceregistry.EurekaServiceRegistry [restartedMain] Registering application API-ARTICULOS with eureka with status UP
2022-07-19 11:12:29,556 INFO com.netflix.discovery.DiscoveryClient [restartedMain] Saw local status change event StatusChangeEvent [timestamp=1658247149556, current=UP, previous=STARTING]
2022-07-19 11:12:29,559 INFO com.netflix.discovery.DiscoveryClient [DiscoveryClient-InstanceInfoReplicator-0] DiscoveryClient_API-ARTICULOS/192.168.1.66:api-articulos:8002: registering service...
2022-07-19 11:12:29,559 INFO org.apache.coyote.http11.Http11NioProtocol [restartedMain] Starting ProtocolHandler ["http-nio-8002"]
2022-07-19 11:12:29,587 INFO com.netflix.discovery.DiscoveryClient [DiscoveryClient-InstanceInfoReplicator-0] DiscoveryClient_API-ARTICULOS/192.168.1.66:api-articulos:8002 - registration status: 204
2022-07-19 11:12:29,630 INFO org.springframework.boot.web.embedded.tomcat.TomcatWebServer [restartedMain] Tomcat started on port(s): 8002 (http) with context path '/api/v1/rest-articulos'
2022-07-19 11:12:29,631 INFO org.springframework.cloud.netflix.eureka.serviceregistry.EurekaAutoServiceRegistration [restartedMain] Updating port to 8002
2022-07-19 11:12:29,728 INFO com.ibm.academia.restapi.articulos.RestArticulosMApplication [restartedMain] Started RestArticulosMApplication in 5.081 seconds (JVM running for 6.341)
2022-07-19 11:13:23,326 INFO org.apache.catalina.core.ContainerBase.[Tomcat].[localhost].[/api/v1/rest-articulos] [http-nio-8002-exec-2] Initializing Spring DispatcherServlet 'dispatcherServlet'
2022-07-19 11:13:23,327 INFO org.springframework.web.servlet.DispatcherServlet [http-nio-8002-exec-2] Initializing Servlet 'dispatcherServlet'
2022-07-19 11:13:23,334 INFO org.springframework.web.servlet.DispatcherServlet [http-nio-8002-exec-2] Completed initialization in 7 ms
2022-07-19 11:16:26,580 INFO org.springframework.cloud.netflix.eureka.serviceregistry.EurekaServiceRegistry [Thread-1] Unregistering application API-ARTICULOS with eureka with status DOWN
2022-07-19 11:16:26,581 INFO com.netflix.discovery.DiscoveryClient [Thread-1] Saw local status change event StatusChangeEvent [timestamp=1658247386581, current=DOWN, previous=UP]
2022-07-19 11:16:26,581 INFO com.netflix.discovery.DiscoveryClient [DiscoveryClient-InstanceInfoReplicator-0] DiscoveryClient_API-ARTICULOS/192.168.1.66:api-articulos:8002: registering service...
2022-07-19 11:16:26,588 INFO com.netflix.discovery.DiscoveryClient [DiscoveryClient-InstanceInfoReplicator-0] DiscoveryClient_API-ARTICULOS/192.168.1.66:api-articulos:8002 - registration status: 204
2022-07-19 11:16:26,628 INFO org.springframework.scheduling.concurrent.ThreadPoolTaskExecutor [Thread-1] Shutting down ExecutorService 'applicationTaskExecutor'
2022-07-19 11:16:26,641 WARN com.netflix.config.sources.URLConfigurationSource [Thread-1] No URLs will be polled as dynamic configuration sources.
2022-07-19 11:16:26,642 INFO com.netflix.config.sources.URLConfigurationSource [Thread-1] To enable URLs as dynamic configuration sources, define System property archaius.configurationSource.additionalUrls or make config.properties available on classpath.
2022-07-19 11:16:26,644 INFO com.netflix.discovery.DiscoveryClient [Thread-1] Shutting down DiscoveryClient ...
2022-07-19 11:16:29,649 WARN com.netflix.discovery.TimedSupervisorTask [DiscoveryClient-1] task supervisor shutting down, can't accept the task
2022-07-19 11:16:29,660 INFO com.netflix.discovery.DiscoveryClient [Thread-1] Unregistering ...
2022-07-19 11:16:29,668 INFO com.netflix.discovery.DiscoveryClient [Thread-1] DiscoveryClient_API-ARTICULOS/192.168.1.66:api-articulos:8002 - deregister  status: 200
2022-07-19 11:16:30,078 INFO com.netflix.discovery.DiscoveryClient [Thread-1] Completed shut down of DiscoveryClient
2022-07-19 11:16:30,342 INFO com.ibm.academia.restapi.articulos.RestArticulosMApplication [restartedMain] No active profile set, falling back to default profiles: default
2022-07-19 11:16:30,585 INFO org.springframework.cloud.context.scope.GenericScope [restartedMain] BeanFactory id=cdb60a60-4a92-3815-ba06-c8dd8c578d30
2022-07-19 11:16:30,663 INFO org.springframework.boot.web.embedded.tomcat.TomcatWebServer [restartedMain] Tomcat initialized with port(s): 8002 (http)
2022-07-19 11:16:30,664 INFO org.apache.coyote.http11.Http11NioProtocol [restartedMain] Initializing ProtocolHandler ["http-nio-8002"]
2022-07-19 11:16:30,664 INFO org.apache.catalina.core.StandardService [restartedMain] Starting service [Tomcat]
2022-07-19 11:16:30,664 INFO org.apache.catalina.core.StandardEngine [restartedMain] Starting Servlet engine: [Apache Tomcat/9.0.46]
2022-07-19 11:16:30,694 INFO org.apache.catalina.core.ContainerBase.[Tomcat].[localhost].[/api/v1/rest-articulos] [restartedMain] Initializing Spring embedded WebApplicationContext
2022-07-19 11:16:30,694 INFO org.springframework.boot.web.servlet.context.ServletWebServerApplicationContext [restartedMain] Root WebApplicationContext: initialization completed in 348 ms
2022-07-19 11:16:30,735 WARN com.netflix.config.sources.URLConfigurationSource [restartedMain] No URLs will be polled as dynamic configuration sources.
2022-07-19 11:16:30,736 INFO com.netflix.config.sources.URLConfigurationSource [restartedMain] To enable URLs as dynamic configuration sources, define System property archaius.configurationSource.additionalUrls or make config.properties available on classpath.
2022-07-19 11:16:30,809 INFO org.springframework.scheduling.concurrent.ThreadPoolTaskExecutor [restartedMain] Initializing ExecutorService 'applicationTaskExecutor'
2022-07-19 11:16:30,914 WARN org.springframework.boot.devtools.autoconfigure.OptionalLiveReloadServer [restartedMain] Unable to start LiveReload server
2022-07-19 11:16:31,004 INFO org.springframework.cloud.netflix.eureka.config.DiscoveryClientOptionalArgsConfiguration [restartedMain] Eureka HTTP Client uses Jersey
2022-07-19 11:16:31,016 WARN org.springframework.boot.web.servlet.context.AnnotationConfigServletWebServerApplicationContext [restartedMain] Exception encountered during context initialization - cancelling refresh attempt: org.springframework.beans.factory.UnsatisfiedDependencyException: Error creating bean with name 'org.springframework.cloud.netflix.eureka.EurekaDiscoveryClientConfiguration$EurekaClientConfigurationRefresher': Unsatisfied dependency expressed through field 'autoRegistration'; nested exception is org.springframework.beans.factory.UnsatisfiedDependencyException: Error creating bean with name 'eurekaAutoServiceRegistration' defined in class path resource [org/springframework/cloud/netflix/eureka/EurekaClientAutoConfiguration.class]: Unsatisfied dependency expressed through method 'eurekaAutoServiceRegistration' parameter 2; nested exception is org.springframework.beans.factory.BeanCreationException: Error creating bean with name 'eurekaRegistration' defined in BeanDefinition defined in class path resource [org/springframework/cloud/netflix/eureka/EurekaClientAutoConfiguration$RefreshableEurekaClientConfiguration.class]: Initialization of bean failed; nested exception is org.springframework.aop.framework.AopConfigException: Could not generate CGLIB subclass of class org.springframework.cloud.netflix.eureka.serviceregistry.EurekaRegistration: Common causes of this problem include using a final class or a non-visible class; nested exception is org.springframework.cglib.core.CodeGenerationException: java.lang.LinkageError-->loader 'app' attempted duplicate class definition for org.springframework.cloud.netflix.eureka.serviceregistry.EurekaRegistration$$EnhancerBySpringCGLIB$$19f399bd. (org.springframework.cloud.netflix.eureka.serviceregistry.EurekaRegistration$$EnhancerBySpringCGLIB$$19f399bd is in unnamed module of loader 'app')
2022-07-19 11:16:31,018 INFO org.springframework.scheduling.concurrent.ThreadPoolTaskExecutor [restartedMain] Shutting down ExecutorService 'applicationTaskExecutor'
2022-07-19 11:16:31,019 INFO org.apache.catalina.core.StandardService [restartedMain] Stopping service [Tomcat]
2022-07-19 11:16:31,025 INFO org.springframework.boot.autoconfigure.logging.ConditionEvaluationReportLoggingListener [restartedMain] 

Error starting ApplicationContext. To display the conditions report re-run your application with 'debug' enabled.
2022-07-19 11:16:31,043 ERROR org.springframework.boot.SpringApplication [restartedMain] Application run failed
org.springframework.beans.factory.UnsatisfiedDependencyException: Error creating bean with name 'org.springframework.cloud.netflix.eureka.EurekaDiscoveryClientConfiguration$EurekaClientConfigurationRefresher': Unsatisfied dependency expressed through field 'autoRegistration'; nested exception is org.springframework.beans.factory.UnsatisfiedDependencyException: Error creating bean with name 'eurekaAutoServiceRegistration' defined in class path resource [org/springframework/cloud/netflix/eureka/EurekaClientAutoConfiguration.class]: Unsatisfied dependency expressed through method 'eurekaAutoServiceRegistration' parameter 2; nested exception is org.springframework.beans.factory.BeanCreationException: Error creating bean with name 'eurekaRegistration' defined in BeanDefinition defined in class path resource [org/springframework/cloud/netflix/eureka/EurekaClientAutoConfiguration$RefreshableEurekaClientConfiguration.class]: Initialization of bean failed; nested exception is org.springframework.aop.framework.AopConfigException: Could not generate CGLIB subclass of class org.springframework.cloud.netflix.eureka.serviceregistry.EurekaRegistration: Common causes of this problem include using a final class or a non-visible class; nested exception is org.springframework.cglib.core.CodeGenerationException: java.lang.LinkageError-->loader 'app' attempted duplicate class definition for org.springframework.cloud.netflix.eureka.serviceregistry.EurekaRegistration$$EnhancerBySpringCGLIB$$19f399bd. (org.springframework.cloud.netflix.eureka.serviceregistry.EurekaRegistration$$EnhancerBySpringCGLIB$$19f399bd is in unnamed module of loader 'app')
	at org.springframework.beans.factory.annotation.AutowiredAnnotationBeanPostProcessor$AutowiredFieldElement.resolveFieldValue(AutowiredAnnotationBeanPostProcessor.java:660)
	at org.springframework.beans.factory.annotation.AutowiredAnnotationBeanPostProcessor$AutowiredFieldElement.inject(AutowiredAnnotationBeanPostProcessor.java:640)
	at org.springframework.beans.factory.annotation.InjectionMetadata.inject(InjectionMetadata.java:119)
	at org.springframework.beans.factory.annotation.AutowiredAnnotationBeanPostProcessor.postProcessProperties(AutowiredAnnotationBeanPostProcessor.java:399)
	at org.springframework.beans.factory.support.AbstractAutowireCapableBeanFactory.populateBean(AbstractAutowireCapableBeanFactory.java:1425)
	at org.springframework.beans.factory.support.AbstractAutowireCapableBeanFactory.doCreateBean(AbstractAutowireCapableBeanFactory.java:593)
	at org.springframework.beans.factory.support.AbstractAutowireCapableBeanFactory.createBean(AbstractAutowireCapableBeanFactory.java:516)
	at org.springframework.beans.factory.support.AbstractBeanFactory.lambda$doGetBean$0(AbstractBeanFactory.java:324)
	at org.springframework.beans.factory.support.DefaultSingletonBeanRegistry.getSingleton(DefaultSingletonBeanRegistry.java:234)
	at org.springframework.beans.factory.support.AbstractBeanFactory.doGetBean(AbstractBeanFactory.java:322)
	at org.springframework.beans.factory.support.AbstractBeanFactory.getBean(AbstractBeanFactory.java:202)
	at org.springframework.beans.factory.support.DefaultListableBeanFactory.preInstantiateSingletons(DefaultListableBeanFactory.java:897)
	at org.springframework.context.support.AbstractApplicationContext.finishBeanFactoryInitialization(AbstractApplicationContext.java:879)
	at org.springframework.context.support.AbstractApplicationContext.refresh(AbstractApplicationContext.java:551)
	at org.springframework.boot.web.servlet.context.ServletWebServerApplicationContext.refresh(ServletWebServerApplicationContext.java:143)
	at org.springframework.boot.SpringApplication.refresh(SpringApplication.java:755)
	at org.springframework.boot.SpringApplication.refresh(SpringApplication.java:747)
	at org.springframework.boot.SpringApplication.refreshContext(SpringApplication.java:402)
	at org.springframework.boot.SpringApplication.run(SpringApplication.java:312)
	at org.springframework.boot.SpringApplication.run(SpringApplication.java:1247)
	at org.springframework.boot.SpringApplication.run(SpringApplication.java:1236)
	at com.ibm.academia.restapi.articulos.RestArticulosMApplication.main(RestArticulosMApplication.java:17)
	at java.base/jdk.internal.reflect.NativeMethodAccessorImpl.invoke0(Native Method)
	at java.base/jdk.internal.reflect.NativeMethodAccessorImpl.invoke(NativeMethodAccessorImpl.java:77)
	at java.base/jdk.internal.reflect.DelegatingMethodAccessorImpl.invoke(DelegatingMethodAccessorImpl.java:43)
	at java.base/java.lang.reflect.Method.invoke(Method.java:568)
	at org.springframework.boot.devtools.restart.RestartLauncher.run(RestartLauncher.java:49)
Caused by: org.springframework.beans.factory.UnsatisfiedDependencyException: Error creating bean with name 'eurekaAutoServiceRegistration' defined in class path resource [org/springframework/cloud/netflix/eureka/EurekaClientAutoConfiguration.class]: Unsatisfied dependency expressed through method 'eurekaAutoServiceRegistration' parameter 2; nested exception is org.springframework.beans.factory.BeanCreationException: Error creating bean with name 'eurekaRegistration' defined in BeanDefinition defined in class path resource [org/springframework/cloud/netflix/eureka/EurekaClientAutoConfiguration$RefreshableEurekaClientConfiguration.class]: Initialization of bean failed; nested exception is org.springframework.aop.framework.AopConfigException: Could not generate CGLIB subclass of class org.springframework.cloud.netflix.eureka.serviceregistry.EurekaRegistration: Common causes of this problem include using a final class or a non-visible class; nested exception is org.springframework.cglib.core.CodeGenerationException: java.lang.LinkageError-->loader 'app' attempted duplicate class definition for org.springframework.cloud.netflix.eureka.serviceregistry.EurekaRegistration$$EnhancerBySpringCGLIB$$19f399bd. (org.springframework.cloud.netflix.eureka.serviceregistry.EurekaRegistration$$EnhancerBySpringCGLIB$$19f399bd is in unnamed module of loader 'app')
	at org.springframework.beans.factory.support.ConstructorResolver.createArgumentArray(ConstructorResolver.java:799)
	at org.springframework.beans.factory.support.ConstructorResolver.instantiateUsingFactoryMethod(ConstructorResolver.java:540)
	at org.springframework.beans.factory.support.AbstractAutowireCapableBeanFactory.instantiateUsingFactoryMethod(AbstractAutowireCapableBeanFactory.java:1341)
	at org.springframework.beans.factory.support.AbstractAutowireCapableBeanFactory.createBeanInstance(AbstractAutowireCapableBeanFactory.java:1181)
	at org.springframework.beans.factory.support.AbstractAutowireCapableBeanFactory.doCreateBean(AbstractAutowireCapableBeanFactory.java:556)
	at org.springframework.beans.factory.support.AbstractAutowireCapableBeanFactory.createBean(AbstractAutowireCapableBeanFactory.java:516)
	at org.springframework.beans.factory.support.AbstractBeanFactory.lambda$doGetBean$0(AbstractBeanFactory.java:324)
	at org.springframework.beans.factory.support.DefaultSingletonBeanRegistry.getSingleton(DefaultSingletonBeanRegistry.java:234)
	at org.springframework.beans.factory.support.AbstractBeanFactory.doGetBean(AbstractBeanFactory.java:322)
	at org.springframework.beans.factory.support.AbstractBeanFactory.getBean(AbstractBeanFactory.java:202)
	at org.springframework.beans.factory.config.DependencyDescriptor.resolveCandidate(DependencyDescriptor.java:276)
	at org.springframework.beans.factory.support.DefaultListableBeanFactory.doResolveDependency(DefaultListableBeanFactory.java:1307)
	at org.springframework.beans.factory.support.DefaultListableBeanFactory.resolveDependency(DefaultListableBeanFactory.java:1227)
	at org.springframework.beans.factory.annotation.AutowiredAnnotationBeanPostProcessor$AutowiredFieldElement.resolveFieldValue(AutowiredAnnotationBeanPostProcessor.java:657)
	... 26 common frames omitted
Caused by: org.springframework.beans.factory.BeanCreationException: Error creating bean with name 'eurekaRegistration' defined in BeanDefinition defined in class path resource [org/springframework/cloud/netflix/eureka/EurekaClientAutoConfiguration$RefreshableEurekaClientConfiguration.class]: Initialization of bean failed; nested exception is org.springframework.aop.framework.AopConfigException: Could not generate CGLIB subclass of class org.springframework.cloud.netflix.eureka.serviceregistry.EurekaRegistration: Common causes of this problem include using a final class or a non-visible class; nested exception is org.springframework.cglib.core.CodeGenerationException: java.lang.LinkageError-->loader 'app' attempted duplicate class definition for org.springframework.cloud.netflix.eureka.serviceregistry.EurekaRegistration$$EnhancerBySpringCGLIB$$19f399bd. (org.springframework.cloud.netflix.eureka.serviceregistry.EurekaRegistration$$EnhancerBySpringCGLIB$$19f399bd is in unnamed module of loader 'app')
	at org.springframework.beans.factory.support.AbstractAutowireCapableBeanFactory.doCreateBean(AbstractAutowireCapableBeanFactory.java:602)
	at org.springframework.beans.factory.support.AbstractAutowireCapableBeanFactory.createBean(AbstractAutowireCapableBeanFactory.java:516)
	at org.springframework.beans.factory.support.AbstractBeanFactory.lambda$doGetBean$0(AbstractBeanFactory.java:324)
	at org.springframework.beans.factory.support.DefaultSingletonBeanRegistry.getSingleton(DefaultSingletonBeanRegistry.java:234)
	at org.springframework.beans.factory.support.AbstractBeanFactory.doGetBean(AbstractBeanFactory.java:322)
	at org.springframework.beans.factory.support.AbstractBeanFactory.getBean(AbstractBeanFactory.java:202)
	at org.springframework.beans.factory.config.DependencyDescriptor.resolveCandidate(DependencyDescriptor.java:276)
	at org.springframework.beans.factory.support.DefaultListableBeanFactory.doResolveDependency(DefaultListableBeanFactory.java:1307)
	at org.springframework.beans.factory.support.DefaultListableBeanFactory.resolveDependency(DefaultListableBeanFactory.java:1227)
	at org.springframework.beans.factory.support.ConstructorResolver.resolveAutowiredArgument(ConstructorResolver.java:886)
	at org.springframework.beans.factory.support.ConstructorResolver.createArgumentArray(ConstructorResolver.java:790)
	... 39 common frames omitted
Caused by: org.springframework.aop.framework.AopConfigException: Could not generate CGLIB subclass of class org.springframework.cloud.netflix.eureka.serviceregistry.EurekaRegistration: Common causes of this problem include using a final class or a non-visible class; nested exception is org.springframework.cglib.core.CodeGenerationException: java.lang.LinkageError-->loader 'app' attempted duplicate class definition for org.springframework.cloud.netflix.eureka.serviceregistry.EurekaRegistration$$EnhancerBySpringCGLIB$$19f399bd. (org.springframework.cloud.netflix.eureka.serviceregistry.EurekaRegistration$$EnhancerBySpringCGLIB$$19f399bd is in unnamed module of loader 'app')
	at org.springframework.aop.framework.CglibAopProxy.getProxy(CglibAopProxy.java:209)
	at org.springframework.aop.framework.ProxyFactory.getProxy(ProxyFactory.java:110)
	at org.springframework.aop.scope.ScopedProxyFactoryBean.setBeanFactory(ScopedProxyFactoryBean.java:117)
	at org.springframework.cloud.context.scope.GenericScope$LockedScopedProxyFactoryBean.setBeanFactory(GenericScope.java:462)
	at org.springframework.beans.factory.support.AbstractAutowireCapableBeanFactory.invokeAwareMethods(AbstractAutowireCapableBeanFactory.java:1821)
	at org.springframework.beans.factory.support.AbstractAutowireCapableBeanFactory.initializeBean(AbstractAutowireCapableBeanFactory.java:1786)
	at org.springframework.beans.factory.support.AbstractAutowireCapableBeanFactory.doCreateBean(AbstractAutowireCapableBeanFactory.java:594)
	... 49 common frames omitted
Caused by: org.springframework.cglib.core.CodeGenerationException: java.lang.LinkageError-->loader 'app' attempted duplicate class definition for org.springframework.cloud.netflix.eureka.serviceregistry.EurekaRegistration$$EnhancerBySpringCGLIB$$19f399bd. (org.springframework.cloud.netflix.eureka.serviceregistry.EurekaRegistration$$EnhancerBySpringCGLIB$$19f399bd is in unnamed module of loader 'app')
	at org.springframework.cglib.core.ReflectUtils.defineClass(ReflectUtils.java:558)
	at org.springframework.cglib.core.AbstractClassGenerator.generate(AbstractClassGenerator.java:363)
	at org.springframework.cglib.proxy.Enhancer.generate(Enhancer.java:585)
	at org.springframework.cglib.core.AbstractClassGenerator$ClassLoaderData$3.apply(AbstractClassGenerator.java:110)
	at org.springframework.cglib.core.AbstractClassGenerator$ClassLoaderData$3.apply(AbstractClassGenerator.java:108)
	at org.springframework.cglib.core.internal.LoadingCache$2.call(LoadingCache.java:54)
	at java.base/java.util.concurrent.FutureTask.run(FutureTask.java:264)
	at org.springframework.cglib.core.internal.LoadingCache.createEntry(LoadingCache.java:61)
	at org.springframework.cglib.core.internal.LoadingCache.get(LoadingCache.java:34)
	at org.springframework.cglib.core.AbstractClassGenerator$ClassLoaderData.get(AbstractClassGenerator.java:134)
	at org.springframework.cglib.core.AbstractClassGenerator.create(AbstractClassGenerator.java:319)
	at org.springframework.cglib.proxy.Enhancer.createHelper(Enhancer.java:572)
	at org.springframework.cglib.proxy.Enhancer.createClass(Enhancer.java:419)
	at org.springframework.aop.framework.ObjenesisCglibAopProxy.createProxyClassAndInstance(ObjenesisCglibAopProxy.java:57)
	at org.springframework.aop.framework.CglibAopProxy.getProxy(CglibAopProxy.java:206)
	... 55 common frames omitted
Caused by: java.lang.LinkageError: loader 'app' attempted duplicate class definition for org.springframework.cloud.netflix.eureka.serviceregistry.EurekaRegistration$$EnhancerBySpringCGLIB$$19f399bd. (org.springframework.cloud.netflix.eureka.serviceregistry.EurekaRegistration$$EnhancerBySpringCGLIB$$19f399bd is in unnamed module of loader 'app')
	at java.base/java.lang.ClassLoader.defineClass0(Native Method)
	at java.base/java.lang.System$2.defineClass(System.java:2307)
	at java.base/java.lang.invoke.MethodHandles$Lookup$ClassDefiner.defineClass(MethodHandles.java:2439)
	at java.base/java.lang.invoke.MethodHandles$Lookup$ClassDefiner.defineClass(MethodHandles.java:2416)
	at java.base/java.lang.invoke.MethodHandles$Lookup.defineClass(MethodHandles.java:1843)
	at java.base/jdk.internal.reflect.NativeMethodAccessorImpl.invoke0(Native Method)
	at java.base/jdk.internal.reflect.NativeMethodAccessorImpl.invoke(NativeMethodAccessorImpl.java:77)
	at java.base/jdk.internal.reflect.DelegatingMethodAccessorImpl.invoke(DelegatingMethodAccessorImpl.java:43)
	at java.base/java.lang.reflect.Method.invoke(Method.java:568)
	at org.springframework.cglib.core.ReflectUtils.defineClass(ReflectUtils.java:555)
	... 69 common frames omitted
