2022-07-21 13:49:29,131 INFO org.hibernate.validator.internal.util.Version [background-preinit] HV000001: Hibernate Validator 6.2.3.Final
2022-07-21 13:49:29,137 INFO com.ibm.academia.restapi.productos.RestProductosTApplication [restartedMain] Starting RestProductosTApplication using Java 17.0.3 on IBM-PF3AKMFS with PID 20080 (C:\Users\108481781\Downloads\Spring\RESTProductosT\target\classes started by 108481781 in C:\Users\108481781\Downloads\Spring\RESTProductosT)
2022-07-21 13:49:29,140 INFO com.ibm.academia.restapi.productos.RestProductosTApplication [restartedMain] No active profile set, falling back to 1 default profile: "default"
2022-07-21 13:49:29,206 INFO org.springframework.boot.devtools.env.DevToolsPropertyDefaultsPostProcessor [restartedMain] Devtools property defaults active! Set 'spring.devtools.add-properties' to 'false' to disable
2022-07-21 13:49:29,206 INFO org.springframework.boot.devtools.env.DevToolsPropertyDefaultsPostProcessor [restartedMain] For additional web related logging consider setting the 'logging.level.web' property to 'DEBUG'
2022-07-21 13:49:30,299 INFO org.springframework.data.repository.config.RepositoryConfigurationDelegate [restartedMain] Bootstrapping Spring Data JPA repositories in DEFAULT mode.
2022-07-21 13:49:30,557 INFO org.springframework.data.repository.config.RepositoryConfigurationDelegate [restartedMain] Finished Spring Data repository scanning in 244 ms. Found 1 JPA repository interfaces.
2022-07-21 13:49:30,859 INFO org.springframework.cloud.context.scope.GenericScope [restartedMain] BeanFactory id=dd1349a7-6f42-3653-8354-483f2fa14301
2022-07-21 13:49:31,657 INFO org.springframework.boot.web.embedded.tomcat.TomcatWebServer [restartedMain] Tomcat initialized with port(s): 0 (http)
2022-07-21 13:49:31,675 INFO org.apache.coyote.http11.Http11NioProtocol [restartedMain] Initializing ProtocolHandler ["http-nio-auto-1"]
2022-07-21 13:49:31,675 INFO org.apache.catalina.core.StandardService [restartedMain] Starting service [Tomcat]
2022-07-21 13:49:31,675 INFO org.apache.catalina.core.StandardEngine [restartedMain] Starting Servlet engine: [Apache Tomcat/9.0.64]
2022-07-21 13:49:31,789 INFO org.apache.catalina.core.ContainerBase.[Tomcat].[localhost].[/api/v1/rest-productos] [restartedMain] Initializing Spring embedded WebApplicationContext
2022-07-21 13:49:31,790 INFO org.springframework.boot.web.servlet.context.ServletWebServerApplicationContext [restartedMain] Root WebApplicationContext: initialization completed in 2584 ms
2022-07-21 13:49:31,824 INFO com.zaxxer.hikari.HikariDataSource [restartedMain] HikariPool-1 - Starting...
2022-07-21 13:49:32,164 INFO com.zaxxer.hikari.HikariDataSource [restartedMain] HikariPool-1 - Start completed.
2022-07-21 13:49:32,179 INFO org.springframework.boot.autoconfigure.h2.H2ConsoleAutoConfiguration [restartedMain] H2 console available at '/h2-console'. Database available at 'jdbc:h2:mem:productost'
2022-07-21 13:49:32,361 INFO org.hibernate.jpa.internal.util.LogHelper [restartedMain] HHH000204: Processing PersistenceUnitInfo [name: default]
2022-07-21 13:49:32,457 INFO org.hibernate.Version [restartedMain] HHH000412: Hibernate ORM core version 5.6.9.Final
2022-07-21 13:49:32,721 INFO org.hibernate.annotations.common.Version [restartedMain] HCANN000001: Hibernate Commons Annotations {5.1.2.Final}
2022-07-21 13:49:32,898 INFO org.hibernate.dialect.Dialect [restartedMain] HHH000400: Using dialect: org.hibernate.dialect.H2Dialect
2022-07-21 13:49:33,896 INFO org.hibernate.tool.schema.internal.SchemaCreatorImpl [restartedMain] HHH000476: Executing import script 'file:/C:/Users/108481781/Downloads/Spring/RESTProductosT/target/classes/import.sql'
2022-07-21 13:49:33,917 INFO org.hibernate.engine.transaction.jta.platform.internal.JtaPlatformInitiator [restartedMain] HHH000490: Using JtaPlatform implementation: [org.hibernate.engine.transaction.jta.platform.internal.NoJtaPlatform]
2022-07-21 13:49:33,935 INFO org.springframework.orm.jpa.LocalContainerEntityManagerFactoryBean [restartedMain] Initialized JPA EntityManagerFactory for persistence unit 'default'
2022-07-21 13:49:34,324 WARN org.springframework.boot.autoconfigure.orm.jpa.JpaBaseConfiguration$JpaWebConfiguration [restartedMain] spring.jpa.open-in-view is enabled by default. Therefore, database queries may be performed during view rendering. Explicitly configure spring.jpa.open-in-view to disable this warning
2022-07-21 13:49:34,786 WARN org.springframework.boot.devtools.autoconfigure.OptionalLiveReloadServer [restartedMain] Unable to start LiveReload server
2022-07-21 13:49:34,997 INFO org.springframework.cloud.netflix.eureka.config.DiscoveryClientOptionalArgsConfiguration [restartedMain] Eureka HTTP Client uses RestTemplate.
2022-07-21 13:49:35,220 WARN org.springframework.cloud.loadbalancer.config.LoadBalancerCacheAutoConfiguration$LoadBalancerCaffeineWarnLogger [restartedMain] Spring Cloud LoadBalancer is currently working with the default cache. While this cache implementation is useful for development and tests, it's recommended to use Caffeine cache in production.You can switch to using Caffeine cache, by adding it and org.springframework.cache.caffeine.CaffeineCacheManager to the classpath.
2022-07-21 13:49:35,316 INFO org.apache.coyote.http11.Http11NioProtocol [restartedMain] Starting ProtocolHandler ["http-nio-auto-1"]
2022-07-21 13:49:35,356 INFO org.springframework.boot.web.embedded.tomcat.TomcatWebServer [restartedMain] Tomcat started on port(s): 56414 (http) with context path '/api/v1/rest-productos'
2022-07-21 13:49:35,358 INFO org.springframework.cloud.netflix.eureka.serviceregistry.EurekaAutoServiceRegistration [restartedMain] Updating port to 56414
2022-07-21 13:49:35,367 INFO org.springframework.cloud.netflix.eureka.InstanceInfoFactory [restartedMain] Setting initial instance status as: STARTING
2022-07-21 13:49:35,435 INFO com.netflix.discovery.DiscoveryClient [restartedMain] Initializing Eureka in region us-east-1
2022-07-21 13:49:35,449 INFO com.netflix.discovery.shared.resolver.aws.ConfigClusterResolver [restartedMain] Resolving eureka endpoints via configuration
2022-07-21 13:49:35,498 INFO com.netflix.discovery.DiscoveryClient [restartedMain] Disable delta property : false
2022-07-21 13:49:35,498 INFO com.netflix.discovery.DiscoveryClient [restartedMain] Single vip registry refresh property : null
2022-07-21 13:49:35,498 INFO com.netflix.discovery.DiscoveryClient [restartedMain] Force full registry fetch : false
2022-07-21 13:49:35,498 INFO com.netflix.discovery.DiscoveryClient [restartedMain] Application is null : false
2022-07-21 13:49:35,498 INFO com.netflix.discovery.DiscoveryClient [restartedMain] Registered Applications size is zero : true
2022-07-21 13:49:35,499 INFO com.netflix.discovery.DiscoveryClient [restartedMain] Application version is -1: true
2022-07-21 13:49:35,499 INFO com.netflix.discovery.DiscoveryClient [restartedMain] Getting all instance registry info from the eureka server
2022-07-21 13:49:36,177 INFO com.netflix.discovery.DiscoveryClient [restartedMain] The response status is 200
2022-07-21 13:49:36,188 INFO com.netflix.discovery.DiscoveryClient [restartedMain] Starting heartbeat executor: renew interval is: 30
2022-07-21 13:49:36,198 INFO com.netflix.discovery.InstanceInfoReplicator [restartedMain] InstanceInfoReplicator onDemand update allowed rate per min is 4
2022-07-21 13:49:36,215 INFO com.netflix.discovery.DiscoveryClient [restartedMain] Discovery Client initialized at timestamp 1658429376211 with initial instances count: 0
2022-07-21 13:49:36,218 INFO org.springframework.cloud.netflix.eureka.serviceregistry.EurekaServiceRegistry [restartedMain] Registering application API-PRODUCTOS with eureka with status UP
2022-07-21 13:49:36,219 INFO com.netflix.discovery.DiscoveryClient [restartedMain] Saw local status change event StatusChangeEvent [timestamp=1658429376219, current=UP, previous=STARTING]
2022-07-21 13:49:36,221 INFO com.netflix.discovery.DiscoveryClient [DiscoveryClient-InstanceInfoReplicator-0] DiscoveryClient_API-PRODUCTOS/api-productos:497b44daa7fee72c6e861b724cc58ab3: registering service...
2022-07-21 13:49:36,314 INFO com.ibm.academia.restapi.productos.RestProductosTApplication [restartedMain] Started RestProductosTApplication in 7.828 seconds (JVM running for 8.998)
2022-07-21 13:49:36,386 INFO com.netflix.discovery.DiscoveryClient [DiscoveryClient-InstanceInfoReplicator-0] DiscoveryClient_API-PRODUCTOS/api-productos:497b44daa7fee72c6e861b724cc58ab3 - registration status: 204
2022-07-21 13:49:45,478 INFO org.hibernate.validator.internal.util.Version [background-preinit] HV000001: Hibernate Validator 6.2.3.Final
2022-07-21 13:49:45,496 INFO com.ibm.academia.restapi.productos.RestProductosTApplication [restartedMain] Starting RestProductosTApplication using Java 17.0.3 on IBM-PF3AKMFS with PID 21456 (C:\Users\108481781\Downloads\Spring\RESTProductosT\target\classes started by 108481781 in C:\Users\108481781\Downloads\Spring\RESTProductosT)
2022-07-21 13:49:45,497 INFO com.ibm.academia.restapi.productos.RestProductosTApplication [restartedMain] No active profile set, falling back to 1 default profile: "default"
2022-07-21 13:49:45,554 INFO org.springframework.boot.devtools.env.DevToolsPropertyDefaultsPostProcessor [restartedMain] Devtools property defaults active! Set 'spring.devtools.add-properties' to 'false' to disable
2022-07-21 13:49:45,554 INFO org.springframework.boot.devtools.env.DevToolsPropertyDefaultsPostProcessor [restartedMain] For additional web related logging consider setting the 'logging.level.web' property to 'DEBUG'
2022-07-21 13:49:46,437 INFO org.springframework.data.repository.config.RepositoryConfigurationDelegate [restartedMain] Bootstrapping Spring Data JPA repositories in DEFAULT mode.
2022-07-21 13:49:46,616 INFO org.springframework.data.repository.config.RepositoryConfigurationDelegate [restartedMain] Finished Spring Data repository scanning in 167 ms. Found 1 JPA repository interfaces.
2022-07-21 13:49:46,924 INFO org.springframework.cloud.context.scope.GenericScope [restartedMain] BeanFactory id=dd1349a7-6f42-3653-8354-483f2fa14301
2022-07-21 13:49:47,524 INFO org.springframework.boot.web.embedded.tomcat.TomcatWebServer [restartedMain] Tomcat initialized with port(s): 0 (http)
2022-07-21 13:49:47,533 INFO org.apache.coyote.http11.Http11NioProtocol [restartedMain] Initializing ProtocolHandler ["http-nio-auto-1"]
2022-07-21 13:49:47,534 INFO org.apache.catalina.core.StandardService [restartedMain] Starting service [Tomcat]
2022-07-21 13:49:47,534 INFO org.apache.catalina.core.StandardEngine [restartedMain] Starting Servlet engine: [Apache Tomcat/9.0.64]
2022-07-21 13:49:47,636 INFO org.apache.catalina.core.ContainerBase.[Tomcat].[localhost].[/api/v1/rest-productos] [restartedMain] Initializing Spring embedded WebApplicationContext
2022-07-21 13:49:47,637 INFO org.springframework.boot.web.servlet.context.ServletWebServerApplicationContext [restartedMain] Root WebApplicationContext: initialization completed in 2081 ms
2022-07-21 13:49:47,673 INFO com.zaxxer.hikari.HikariDataSource [restartedMain] HikariPool-1 - Starting...
2022-07-21 13:49:47,934 INFO com.zaxxer.hikari.HikariDataSource [restartedMain] HikariPool-1 - Start completed.
2022-07-21 13:49:47,949 INFO org.springframework.boot.autoconfigure.h2.H2ConsoleAutoConfiguration [restartedMain] H2 console available at '/h2-console'. Database available at 'jdbc:h2:mem:productost'
2022-07-21 13:49:48,085 INFO org.hibernate.jpa.internal.util.LogHelper [restartedMain] HHH000204: Processing PersistenceUnitInfo [name: default]
2022-07-21 13:49:48,135 INFO org.hibernate.Version [restartedMain] HHH000412: Hibernate ORM core version 5.6.9.Final
2022-07-21 13:49:48,326 INFO org.hibernate.annotations.common.Version [restartedMain] HCANN000001: Hibernate Commons Annotations {5.1.2.Final}
2022-07-21 13:49:48,525 INFO org.hibernate.dialect.Dialect [restartedMain] HHH000400: Using dialect: org.hibernate.dialect.H2Dialect
2022-07-21 13:49:49,341 INFO org.hibernate.tool.schema.internal.SchemaCreatorImpl [restartedMain] HHH000476: Executing import script 'file:/C:/Users/108481781/Downloads/Spring/RESTProductosT/target/classes/import.sql'
2022-07-21 13:49:49,355 INFO org.hibernate.engine.transaction.jta.platform.internal.JtaPlatformInitiator [restartedMain] HHH000490: Using JtaPlatform implementation: [org.hibernate.engine.transaction.jta.platform.internal.NoJtaPlatform]
2022-07-21 13:49:49,371 INFO org.springframework.orm.jpa.LocalContainerEntityManagerFactoryBean [restartedMain] Initialized JPA EntityManagerFactory for persistence unit 'default'
2022-07-21 13:49:49,759 WARN org.springframework.boot.autoconfigure.orm.jpa.JpaBaseConfiguration$JpaWebConfiguration [restartedMain] spring.jpa.open-in-view is enabled by default. Therefore, database queries may be performed during view rendering. Explicitly configure spring.jpa.open-in-view to disable this warning
2022-07-21 13:49:50,222 WARN org.springframework.boot.devtools.autoconfigure.OptionalLiveReloadServer [restartedMain] Unable to start LiveReload server
2022-07-21 13:49:50,397 INFO org.springframework.cloud.netflix.eureka.config.DiscoveryClientOptionalArgsConfiguration [restartedMain] Eureka HTTP Client uses RestTemplate.
2022-07-21 13:49:50,658 WARN org.springframework.cloud.loadbalancer.config.LoadBalancerCacheAutoConfiguration$LoadBalancerCaffeineWarnLogger [restartedMain] Spring Cloud LoadBalancer is currently working with the default cache. While this cache implementation is useful for development and tests, it's recommended to use Caffeine cache in production.You can switch to using Caffeine cache, by adding it and org.springframework.cache.caffeine.CaffeineCacheManager to the classpath.
2022-07-21 13:49:50,760 INFO org.apache.coyote.http11.Http11NioProtocol [restartedMain] Starting ProtocolHandler ["http-nio-auto-1"]
2022-07-21 13:49:50,809 INFO org.springframework.boot.web.embedded.tomcat.TomcatWebServer [restartedMain] Tomcat started on port(s): 56434 (http) with context path '/api/v1/rest-productos'
2022-07-21 13:49:50,811 INFO org.springframework.cloud.netflix.eureka.serviceregistry.EurekaAutoServiceRegistration [restartedMain] Updating port to 56434
2022-07-21 13:49:50,824 INFO org.springframework.cloud.netflix.eureka.InstanceInfoFactory [restartedMain] Setting initial instance status as: STARTING
2022-07-21 13:49:50,892 INFO com.netflix.discovery.DiscoveryClient [restartedMain] Initializing Eureka in region us-east-1
2022-07-21 13:49:50,898 INFO com.netflix.discovery.shared.resolver.aws.ConfigClusterResolver [restartedMain] Resolving eureka endpoints via configuration
2022-07-21 13:49:50,941 INFO com.netflix.discovery.DiscoveryClient [restartedMain] Disable delta property : false
2022-07-21 13:49:50,942 INFO com.netflix.discovery.DiscoveryClient [restartedMain] Single vip registry refresh property : null
2022-07-21 13:49:50,942 INFO com.netflix.discovery.DiscoveryClient [restartedMain] Force full registry fetch : false
2022-07-21 13:49:50,942 INFO com.netflix.discovery.DiscoveryClient [restartedMain] Application is null : false
2022-07-21 13:49:50,942 INFO com.netflix.discovery.DiscoveryClient [restartedMain] Registered Applications size is zero : true
2022-07-21 13:49:50,942 INFO com.netflix.discovery.DiscoveryClient [restartedMain] Application version is -1: true
2022-07-21 13:49:50,942 INFO com.netflix.discovery.DiscoveryClient [restartedMain] Getting all instance registry info from the eureka server
2022-07-21 13:49:51,395 INFO com.netflix.discovery.DiscoveryClient [restartedMain] The response status is 200
2022-07-21 13:49:51,406 INFO com.netflix.discovery.DiscoveryClient [restartedMain] Starting heartbeat executor: renew interval is: 30
2022-07-21 13:49:51,421 INFO com.netflix.discovery.InstanceInfoReplicator [restartedMain] InstanceInfoReplicator onDemand update allowed rate per min is 4
2022-07-21 13:49:51,444 INFO com.netflix.discovery.DiscoveryClient [restartedMain] Discovery Client initialized at timestamp 1658429391443 with initial instances count: 0
2022-07-21 13:49:51,446 INFO org.springframework.cloud.netflix.eureka.serviceregistry.EurekaServiceRegistry [restartedMain] Registering application API-PRODUCTOS with eureka with status UP
2022-07-21 13:49:51,447 INFO com.netflix.discovery.DiscoveryClient [restartedMain] Saw local status change event StatusChangeEvent [timestamp=1658429391447, current=UP, previous=STARTING]
2022-07-21 13:49:51,453 INFO com.netflix.discovery.DiscoveryClient [DiscoveryClient-InstanceInfoReplicator-0] DiscoveryClient_API-PRODUCTOS/api-productos:755dd3cc88549d68cb7bf735e2c84065: registering service...
2022-07-21 13:49:51,521 INFO com.netflix.discovery.DiscoveryClient [DiscoveryClient-InstanceInfoReplicator-0] DiscoveryClient_API-PRODUCTOS/api-productos:755dd3cc88549d68cb7bf735e2c84065 - registration status: 204
2022-07-21 13:49:51,563 INFO com.ibm.academia.restapi.productos.RestProductosTApplication [restartedMain] Started RestProductosTApplication in 6.691 seconds (JVM running for 8.134)
2022-07-21 13:49:55,420 INFO org.hibernate.validator.internal.util.Version [background-preinit] HV000001: Hibernate Validator 6.2.3.Final
2022-07-21 13:49:55,440 INFO com.ibm.academia.restapi.productos.RestProductosTApplication [restartedMain] Starting RestProductosTApplication using Java 17.0.3 on IBM-PF3AKMFS with PID 19676 (C:\Users\108481781\Downloads\Spring\RESTProductosT\target\classes started by 108481781 in C:\Users\108481781\Downloads\Spring\RESTProductosT)
2022-07-21 13:49:55,440 INFO com.ibm.academia.restapi.productos.RestProductosTApplication [restartedMain] No active profile set, falling back to 1 default profile: "default"
2022-07-21 13:49:55,503 INFO org.springframework.boot.devtools.env.DevToolsPropertyDefaultsPostProcessor [restartedMain] Devtools property defaults active! Set 'spring.devtools.add-properties' to 'false' to disable
2022-07-21 13:49:55,503 INFO org.springframework.boot.devtools.env.DevToolsPropertyDefaultsPostProcessor [restartedMain] For additional web related logging consider setting the 'logging.level.web' property to 'DEBUG'
2022-07-21 13:49:56,406 INFO org.springframework.data.repository.config.RepositoryConfigurationDelegate [restartedMain] Bootstrapping Spring Data JPA repositories in DEFAULT mode.
2022-07-21 13:49:56,605 INFO org.springframework.data.repository.config.RepositoryConfigurationDelegate [restartedMain] Finished Spring Data repository scanning in 186 ms. Found 1 JPA repository interfaces.
2022-07-21 13:49:56,936 INFO org.springframework.cloud.context.scope.GenericScope [restartedMain] BeanFactory id=dd1349a7-6f42-3653-8354-483f2fa14301
2022-07-21 13:49:57,612 INFO org.springframework.boot.web.embedded.tomcat.TomcatWebServer [restartedMain] Tomcat initialized with port(s): 0 (http)
2022-07-21 13:49:57,625 INFO org.apache.coyote.http11.Http11NioProtocol [restartedMain] Initializing ProtocolHandler ["http-nio-auto-1"]
2022-07-21 13:49:57,625 INFO org.apache.catalina.core.StandardService [restartedMain] Starting service [Tomcat]
2022-07-21 13:49:57,625 INFO org.apache.catalina.core.StandardEngine [restartedMain] Starting Servlet engine: [Apache Tomcat/9.0.64]
2022-07-21 13:49:57,746 INFO org.apache.catalina.core.ContainerBase.[Tomcat].[localhost].[/api/v1/rest-productos] [restartedMain] Initializing Spring embedded WebApplicationContext
2022-07-21 13:49:57,748 INFO org.springframework.boot.web.servlet.context.ServletWebServerApplicationContext [restartedMain] Root WebApplicationContext: initialization completed in 2244 ms
2022-07-21 13:49:57,788 INFO com.zaxxer.hikari.HikariDataSource [restartedMain] HikariPool-1 - Starting...
2022-07-21 13:49:58,063 INFO com.zaxxer.hikari.HikariDataSource [restartedMain] HikariPool-1 - Start completed.
2022-07-21 13:49:58,076 INFO org.springframework.boot.autoconfigure.h2.H2ConsoleAutoConfiguration [restartedMain] H2 console available at '/h2-console'. Database available at 'jdbc:h2:mem:productost'
2022-07-21 13:49:58,221 INFO org.hibernate.jpa.internal.util.LogHelper [restartedMain] HHH000204: Processing PersistenceUnitInfo [name: default]
2022-07-21 13:49:58,273 INFO org.hibernate.Version [restartedMain] HHH000412: Hibernate ORM core version 5.6.9.Final
2022-07-21 13:49:58,477 INFO org.hibernate.annotations.common.Version [restartedMain] HCANN000001: Hibernate Commons Annotations {5.1.2.Final}
2022-07-21 13:49:58,629 INFO org.hibernate.dialect.Dialect [restartedMain] HHH000400: Using dialect: org.hibernate.dialect.H2Dialect
2022-07-21 13:49:59,363 INFO org.hibernate.tool.schema.internal.SchemaCreatorImpl [restartedMain] HHH000476: Executing import script 'file:/C:/Users/108481781/Downloads/Spring/RESTProductosT/target/classes/import.sql'
2022-07-21 13:49:59,374 INFO org.hibernate.engine.transaction.jta.platform.internal.JtaPlatformInitiator [restartedMain] HHH000490: Using JtaPlatform implementation: [org.hibernate.engine.transaction.jta.platform.internal.NoJtaPlatform]
2022-07-21 13:49:59,387 INFO org.springframework.orm.jpa.LocalContainerEntityManagerFactoryBean [restartedMain] Initialized JPA EntityManagerFactory for persistence unit 'default'
2022-07-21 13:49:59,773 WARN org.springframework.boot.autoconfigure.orm.jpa.JpaBaseConfiguration$JpaWebConfiguration [restartedMain] spring.jpa.open-in-view is enabled by default. Therefore, database queries may be performed during view rendering. Explicitly configure spring.jpa.open-in-view to disable this warning
2022-07-21 13:50:00,237 WARN org.springframework.boot.devtools.autoconfigure.OptionalLiveReloadServer [restartedMain] Unable to start LiveReload server
2022-07-21 13:50:00,390 INFO org.springframework.cloud.netflix.eureka.config.DiscoveryClientOptionalArgsConfiguration [restartedMain] Eureka HTTP Client uses RestTemplate.
2022-07-21 13:50:00,616 WARN org.springframework.cloud.loadbalancer.config.LoadBalancerCacheAutoConfiguration$LoadBalancerCaffeineWarnLogger [restartedMain] Spring Cloud LoadBalancer is currently working with the default cache. While this cache implementation is useful for development and tests, it's recommended to use Caffeine cache in production.You can switch to using Caffeine cache, by adding it and org.springframework.cache.caffeine.CaffeineCacheManager to the classpath.
2022-07-21 13:50:00,721 INFO org.apache.coyote.http11.Http11NioProtocol [restartedMain] Starting ProtocolHandler ["http-nio-auto-1"]
2022-07-21 13:50:00,773 INFO org.springframework.boot.web.embedded.tomcat.TomcatWebServer [restartedMain] Tomcat started on port(s): 56447 (http) with context path '/api/v1/rest-productos'
2022-07-21 13:50:00,776 INFO org.springframework.cloud.netflix.eureka.serviceregistry.EurekaAutoServiceRegistration [restartedMain] Updating port to 56447
2022-07-21 13:50:00,788 INFO org.springframework.cloud.netflix.eureka.InstanceInfoFactory [restartedMain] Setting initial instance status as: STARTING
2022-07-21 13:50:00,855 INFO com.netflix.discovery.DiscoveryClient [restartedMain] Initializing Eureka in region us-east-1
2022-07-21 13:50:00,867 INFO com.netflix.discovery.shared.resolver.aws.ConfigClusterResolver [restartedMain] Resolving eureka endpoints via configuration
2022-07-21 13:50:00,904 INFO com.netflix.discovery.DiscoveryClient [restartedMain] Disable delta property : false
2022-07-21 13:50:00,904 INFO com.netflix.discovery.DiscoveryClient [restartedMain] Single vip registry refresh property : null
2022-07-21 13:50:00,904 INFO com.netflix.discovery.DiscoveryClient [restartedMain] Force full registry fetch : false
2022-07-21 13:50:00,904 INFO com.netflix.discovery.DiscoveryClient [restartedMain] Application is null : false
2022-07-21 13:50:00,904 INFO com.netflix.discovery.DiscoveryClient [restartedMain] Registered Applications size is zero : true
2022-07-21 13:50:00,904 INFO com.netflix.discovery.DiscoveryClient [restartedMain] Application version is -1: true
2022-07-21 13:50:00,904 INFO com.netflix.discovery.DiscoveryClient [restartedMain] Getting all instance registry info from the eureka server
2022-07-21 13:50:01,275 INFO com.netflix.discovery.DiscoveryClient [restartedMain] The response status is 200
2022-07-21 13:50:01,286 INFO com.netflix.discovery.DiscoveryClient [restartedMain] Starting heartbeat executor: renew interval is: 30
2022-07-21 13:50:01,297 INFO com.netflix.discovery.InstanceInfoReplicator [restartedMain] InstanceInfoReplicator onDemand update allowed rate per min is 4
2022-07-21 13:50:01,315 INFO com.netflix.discovery.DiscoveryClient [restartedMain] Discovery Client initialized at timestamp 1658429401314 with initial instances count: 2
2022-07-21 13:50:01,317 INFO org.springframework.cloud.netflix.eureka.serviceregistry.EurekaServiceRegistry [restartedMain] Registering application API-PRODUCTOS with eureka with status UP
2022-07-21 13:50:01,319 INFO com.netflix.discovery.DiscoveryClient [restartedMain] Saw local status change event StatusChangeEvent [timestamp=1658429401319, current=UP, previous=STARTING]
2022-07-21 13:50:01,322 INFO com.netflix.discovery.DiscoveryClient [DiscoveryClient-InstanceInfoReplicator-0] DiscoveryClient_API-PRODUCTOS/api-productos:9a8f7d652238ced0a2aea882e0b49c85: registering service...
2022-07-21 13:50:01,375 INFO com.netflix.discovery.DiscoveryClient [DiscoveryClient-InstanceInfoReplicator-0] DiscoveryClient_API-PRODUCTOS/api-productos:9a8f7d652238ced0a2aea882e0b49c85 - registration status: 204
2022-07-21 13:50:01,415 INFO com.ibm.academia.restapi.productos.RestProductosTApplication [restartedMain] Started RestProductosTApplication in 6.829 seconds (JVM running for 8.172)
2022-07-21 13:50:06,202 INFO com.netflix.discovery.DiscoveryClient [DiscoveryClient-CacheRefreshExecutor-0] Disable delta property : false
2022-07-21 13:50:06,203 INFO com.netflix.discovery.DiscoveryClient [DiscoveryClient-CacheRefreshExecutor-0] Single vip registry refresh property : null
2022-07-21 13:50:06,204 INFO com.netflix.discovery.DiscoveryClient [DiscoveryClient-CacheRefreshExecutor-0] Force full registry fetch : false
2022-07-21 13:50:06,204 INFO com.netflix.discovery.DiscoveryClient [DiscoveryClient-CacheRefreshExecutor-0] Application is null : false
2022-07-21 13:50:06,204 INFO com.netflix.discovery.DiscoveryClient [DiscoveryClient-CacheRefreshExecutor-0] Registered Applications size is zero : true
2022-07-21 13:50:06,204 INFO com.netflix.discovery.DiscoveryClient [DiscoveryClient-CacheRefreshExecutor-0] Application version is -1: false
2022-07-21 13:50:06,204 INFO com.netflix.discovery.DiscoveryClient [DiscoveryClient-CacheRefreshExecutor-0] Getting all instance registry info from the eureka server
2022-07-21 13:50:06,215 INFO com.netflix.discovery.DiscoveryClient [DiscoveryClient-CacheRefreshExecutor-0] The response status is 200
2022-07-21 13:50:21,409 INFO com.netflix.discovery.DiscoveryClient [DiscoveryClient-CacheRefreshExecutor-0] Disable delta property : false
2022-07-21 13:50:21,409 INFO com.netflix.discovery.DiscoveryClient [DiscoveryClient-CacheRefreshExecutor-0] Single vip registry refresh property : null
2022-07-21 13:50:21,409 INFO com.netflix.discovery.DiscoveryClient [DiscoveryClient-CacheRefreshExecutor-0] Force full registry fetch : false
2022-07-21 13:50:21,409 INFO com.netflix.discovery.DiscoveryClient [DiscoveryClient-CacheRefreshExecutor-0] Application is null : false
2022-07-21 13:50:21,410 INFO com.netflix.discovery.DiscoveryClient [DiscoveryClient-CacheRefreshExecutor-0] Registered Applications size is zero : true
2022-07-21 13:50:21,410 INFO com.netflix.discovery.DiscoveryClient [DiscoveryClient-CacheRefreshExecutor-0] Application version is -1: false
2022-07-21 13:50:21,410 INFO com.netflix.discovery.DiscoveryClient [DiscoveryClient-CacheRefreshExecutor-0] Getting all instance registry info from the eureka server
2022-07-21 13:50:21,429 INFO com.netflix.discovery.DiscoveryClient [DiscoveryClient-CacheRefreshExecutor-0] The response status is 200
